0 verbose cli /opt/homebrew/Cellar/node/19.7.0/bin/node /opt/homebrew/bin/npm
1 info using npm@9.5.0
2 info using node@v19.7.0
3 timing npm:load:whichnode Completed in 1ms
4 timing config:load:defaults Completed in 2ms
5 timing config:load:file:/opt/homebrew/lib/node_modules/npm/npmrc Completed in 1ms
6 timing config:load:builtin Completed in 1ms
7 timing config:load:cli Completed in 1ms
8 timing config:load:env Completed in 0ms
9 timing config:load:project Completed in 0ms
10 timing config:load:file:/Users/kushalchattopadhyay/.npmrc Completed in 0ms
11 timing config:load:user Completed in 0ms
12 timing config:load:file:/Users/kushalchattopadhyay/.npm-global/etc/npmrc Completed in 0ms
13 timing config:load:global Completed in 0ms
14 timing config:load:setEnvs Completed in 1ms
15 timing config:load Completed in 6ms
16 timing npm:load:configload Completed in 6ms
17 timing npm:load:mkdirpcache Completed in 0ms
18 timing npm:load:mkdirplogs Completed in 0ms
19 verbose title npm uninstall react-native-cli @react-native-community/cli
20 verbose argv "uninstall" "--global" "react-native-cli" "@react-native-community/cli" "--force"
21 timing npm:load:setTitle Completed in 2ms
22 timing config:load:flatten Completed in 1ms
23 timing npm:load:display Completed in 1ms
24 verbose logfile logs-max:10 dir:/Users/kushalchattopadhyay/Downloads/Allforth/.npm-cache/_logs/2023-03-03T22_33_19_509Z-
25 verbose logfile /Users/kushalchattopadhyay/Downloads/Allforth/.npm-cache/_logs/2023-03-03T22_33_19_509Z-debug-0.log
26 timing npm:load:logFile Completed in 2ms
27 timing npm:load:timers Completed in 0ms
28 timing npm:load:configScope Completed in 0ms
29 warn using --force Recommended protections disabled.
30 timing npm:load Completed in 13ms
31 timing config:load:flatten Completed in 1ms
32 timing arborist:ctor Completed in 0ms
33 silly logfile done cleaning log files
34 timing idealTree:init Completed in 2ms
35 timing idealTree:userRequests Completed in 0ms
36 silly idealTree buildDeps
37 timing idealTree:#root Completed in 0ms
38 timing idealTree:buildDeps Completed in 0ms
39 timing idealTree:fixDepFlags Completed in 0ms
40 timing idealTree Completed in 3ms
41 timing reify:loadTrees Completed in 54ms
42 timing reify:diffTrees Completed in 1ms
43 silly reify mark retired [
43 silly reify   '/Users/kushalchattopadhyay/.npm-global/lib/node_modules/react-native-cli',
43 silly reify   '/Users/kushalchattopadhyay/.npm-global/bin/react-native'
43 silly reify ]
44 silly reify moves {
44 silly reify   '/Users/kushalchattopadhyay/.npm-global/lib/node_modules/react-native-cli': '/Users/kushalchattopadhyay/.npm-global/lib/node_modules/.react-native-cli-zbRt3Si8',
44 silly reify   '/Users/kushalchattopadhyay/.npm-global/bin/react-native': '/Users/kushalchattopadhyay/.npm-global/bin/.react-native-DGQAN4CG'
44 silly reify }
45 timing reify:rollback:retireShallow Completed in 0ms
46 timing command:uninstall Completed in 74ms
47 verbose stack Error: EACCES: permission denied, rename '/Users/kushalchattopadhyay/.npm-global/lib/node_modules/react-native-cli' -> '/Users/kushalchattopadhyay/.npm-global/lib/node_modules/.react-native-cli-zbRt3Si8'
48 verbose cwd /Users/kushalchattopadhyay/Downloads/Allforth
49 verbose Darwin 21.2.0
50 verbose node v19.7.0
51 verbose npm  v9.5.0
52 error code EACCES
53 error syscall rename
54 error path /Users/kushalchattopadhyay/.npm-global/lib/node_modules/react-native-cli
55 error dest /Users/kushalchattopadhyay/.npm-global/lib/node_modules/.react-native-cli-zbRt3Si8
56 error errno -13
57 error [Error: EACCES: permission denied, rename '/Users/kushalchattopadhyay/.npm-global/lib/node_modules/react-native-cli' -> '/Users/kushalchattopadhyay/.npm-global/lib/node_modules/.react-native-cli-zbRt3Si8'] {
57 error   errno: -13,
57 error   code: 'EACCES',
57 error   syscall: 'rename',
57 error   path: '/Users/kushalchattopadhyay/.npm-global/lib/node_modules/react-native-cli',
57 error   dest: '/Users/kushalchattopadhyay/.npm-global/lib/node_modules/.react-native-cli-zbRt3Si8'
57 error }
58 error
58 error The operation was rejected by your operating system.
58 error It is likely you do not have the permissions to access this file as the current user
58 error
58 error If you believe this might be a permissions issue, please double-check the
58 error permissions of the file and its containing directories, or try running
58 error the command again as root/Administrator.
59 verbose exit -13
60 timing npm Completed in 95ms
61 verbose unfinished npm timer reify 1677882799531
62 verbose unfinished npm timer reify:retireShallow 1677882799601
63 verbose code -13
64 error A complete log of this run can be found in:
64 error     /Users/kushalchattopadhyay/Downloads/Allforth/.npm-cache/_logs/2023-03-03T22_33_19_509Z-debug-0.log
