0 verbose cli /opt/homebrew/Cellar/node/19.7.0/bin/node /opt/homebrew/bin/npm
1 info using npm@9.5.0
2 info using node@v19.7.0
3 timing npm:load:whichnode Completed in 0ms
4 timing config:load:defaults Completed in 3ms
5 timing config:load:file:/opt/homebrew/lib/node_modules/npm/npmrc Completed in 1ms
6 timing config:load:builtin Completed in 1ms
7 timing config:load:cli Completed in 1ms
8 timing config:load:env Completed in 0ms
9 timing config:load:project Completed in 1ms
10 timing config:load:file:/Users/kushalchattopadhyay/.npmrc Completed in 0ms
11 timing config:load:user Completed in 0ms
12 timing config:load:file:/Users/kushalchattopadhyay/.npm-global/etc/npmrc Completed in 0ms
13 timing config:load:global Completed in 0ms
14 timing config:load:setEnvs Completed in 0ms
15 timing config:load Completed in 6ms
16 timing npm:load:configload Completed in 6ms
17 timing npm:load:mkdirpcache Completed in 1ms
18 timing npm:load:mkdirplogs Completed in 0ms
19 verbose title npm i react-native-cli
20 verbose argv "i" "--global" "react-native-cli"
21 timing npm:load:setTitle Completed in 2ms
22 timing config:load:flatten Completed in 1ms
23 timing npm:load:display Completed in 1ms
24 verbose logfile logs-max:10 dir:/Users/kushalchattopadhyay/Downloads/Allforth/.npm-cache/_logs/2023-03-03T23_17_18_401Z-
25 verbose logfile /Users/kushalchattopadhyay/Downloads/Allforth/.npm-cache/_logs/2023-03-03T23_17_18_401Z-debug-0.log
26 timing npm:load:logFile Completed in 2ms
27 timing npm:load:timers Completed in 0ms
28 timing npm:load:configScope Completed in 0ms
29 timing npm:load Completed in 12ms
30 timing config:load:flatten Completed in 0ms
31 timing arborist:ctor Completed in 1ms
32 silly logfile done cleaning log files
33 timing idealTree:init Completed in 2ms
34 timing idealTree:userRequests Completed in 1ms
35 silly idealTree buildDeps
36 silly fetch manifest react-native-cli@*
37 http fetch GET 200 https://registry.npmjs.org/react-native-cli 6ms (cache hit)
38 silly placeDep ROOT react-native-cli@2.0.1 OK for:  want: *
39 silly fetch manifest chalk@^1.1.1
40 silly fetch manifest minimist@^1.2.0
41 silly fetch manifest prompt@^0.2.14
42 silly fetch manifest semver@^5.0.3
43 http fetch GET 200 https://registry.npmjs.org/prompt 10ms (cache hit)
44 http fetch GET 200 https://registry.npmjs.org/semver 10ms (cache hit)
45 http fetch GET 200 https://registry.npmjs.org/chalk 12ms (cache hit)
46 http fetch GET 200 https://registry.npmjs.org/minimist 13ms (cache hit)
47 timing idealTree:#root Completed in 24ms
48 silly placeDep node_modules/react-native-cli chalk@1.1.3 OK for: react-native-cli@2.0.1 want: ^1.1.1
49 silly placeDep node_modules/react-native-cli minimist@1.2.8 OK for: react-native-cli@2.0.1 want: ^1.2.0
50 silly placeDep node_modules/react-native-cli prompt@0.2.14 OK for: react-native-cli@2.0.1 want: ^0.2.14
51 silly placeDep node_modules/react-native-cli semver@5.7.1 OK for: react-native-cli@2.0.1 want: ^5.0.3
52 silly fetch manifest ansi-styles@^2.2.1
53 silly fetch manifest escape-string-regexp@^1.0.2
54 silly fetch manifest has-ansi@^2.0.0
55 silly fetch manifest strip-ansi@^3.0.0
56 silly fetch manifest supports-color@^2.0.0
57 silly fetch manifest pkginfo@0.x.x
58 silly fetch manifest read@1.0.x
59 silly fetch manifest revalidator@0.1.x
60 silly fetch manifest utile@0.2.x
61 silly fetch manifest winston@0.8.x
62 http fetch GET 200 https://registry.npmjs.org/ansi-styles 8ms (cache hit)
63 http fetch GET 200 https://registry.npmjs.org/escape-string-regexp 9ms (cache hit)
64 http fetch GET 200 https://registry.npmjs.org/pkginfo 8ms (cache hit)
65 http fetch GET 200 https://registry.npmjs.org/has-ansi 10ms (cache hit)
66 http fetch GET 200 https://registry.npmjs.org/strip-ansi 10ms (cache hit)
67 http fetch GET 200 https://registry.npmjs.org/supports-color 10ms (cache hit)
68 http fetch GET 200 https://registry.npmjs.org/read 10ms (cache hit)
69 http fetch GET 200 https://registry.npmjs.org/revalidator 11ms (cache hit)
70 http fetch GET 200 https://registry.npmjs.org/winston 10ms (cache hit)
71 http fetch GET 200 https://registry.npmjs.org/utile 12ms (cache hit)
72 timing idealTree:node_modules/react-native-cli Completed in 17ms
73 silly placeDep node_modules/react-native-cli ansi-styles@2.2.1 OK for: chalk@1.1.3 want: ^2.2.1
74 silly placeDep node_modules/react-native-cli escape-string-regexp@1.0.5 OK for: chalk@1.1.3 want: ^1.0.2
75 silly placeDep node_modules/react-native-cli has-ansi@2.0.0 OK for: chalk@1.1.3 want: ^2.0.0
76 silly placeDep node_modules/react-native-cli strip-ansi@3.0.1 OK for: chalk@1.1.3 want: ^3.0.0
77 silly placeDep node_modules/react-native-cli supports-color@2.0.0 OK for: chalk@1.1.3 want: ^2.0.0
78 silly fetch manifest ansi-regex@^2.0.0
79 http fetch GET 200 https://registry.npmjs.org/ansi-regex 10ms (cache hit)
80 timing idealTree:node_modules/react-native-cli/node_modules/chalk Completed in 13ms
81 timing idealTree:node_modules/react-native-cli/node_modules/ansi-styles Completed in 0ms
82 timing idealTree:node_modules/react-native-cli/node_modules/escape-string-regexp Completed in 0ms
83 silly placeDep node_modules/react-native-cli ansi-regex@2.1.1 OK for: has-ansi@2.0.0 want: ^2.0.0
84 timing idealTree:node_modules/react-native-cli/node_modules/has-ansi Completed in 0ms
85 timing idealTree:node_modules/react-native-cli/node_modules/ansi-regex Completed in 0ms
86 timing idealTree:node_modules/react-native-cli/node_modules/minimist Completed in 0ms
87 silly placeDep node_modules/react-native-cli pkginfo@0.4.1 OK for: prompt@0.2.14 want: 0.x.x
88 silly placeDep node_modules/react-native-cli read@1.0.7 OK for: prompt@0.2.14 want: 1.0.x
89 silly placeDep node_modules/react-native-cli revalidator@0.1.8 OK for: prompt@0.2.14 want: 0.1.x
90 silly placeDep node_modules/react-native-cli utile@0.2.1 OK for: prompt@0.2.14 want: 0.2.x
91 silly placeDep node_modules/react-native-cli winston@0.8.3 OK for: prompt@0.2.14 want: 0.8.x
92 silly fetch manifest mute-stream@~0.0.4
93 silly fetch manifest async@~0.2.9
94 silly fetch manifest deep-equal@*
95 silly fetch manifest i@0.3.x
96 silly fetch manifest mkdirp@0.x.x
97 silly fetch manifest ncp@0.4.x
98 silly fetch manifest rimraf@2.x.x
99 silly fetch manifest async@0.2.x
100 silly fetch manifest colors@0.6.x
101 silly fetch manifest cycle@1.0.x
102 silly fetch manifest eyes@0.1.x
103 silly fetch manifest isstream@0.1.x
104 silly fetch manifest pkginfo@0.3.x
105 silly fetch manifest stack-trace@0.0.x
106 http fetch GET 200 https://registry.npmjs.org/async 13ms (cache hit)
107 http fetch GET 200 https://registry.npmjs.org/rimraf 14ms (cache hit)
108 http fetch GET 200 https://registry.npmjs.org/colors 15ms (cache hit)
109 http fetch GET 200 https://registry.npmjs.org/eyes 14ms (cache hit)
110 http fetch GET 200 https://registry.npmjs.org/ncp 17ms (cache hit)
111 http fetch GET 200 https://registry.npmjs.org/async 17ms (cache hit)
112 http fetch GET 200 https://registry.npmjs.org/i 18ms (cache hit)
113 http fetch GET 200 https://registry.npmjs.org/mute-stream 20ms (cache hit)
114 http fetch GET 200 https://registry.npmjs.org/deep-equal 19ms (cache hit)
115 http fetch GET 200 https://registry.npmjs.org/mkdirp 19ms (cache hit)
116 http fetch GET 200 https://registry.npmjs.org/cycle 19ms (cache hit)
117 http fetch GET 200 https://registry.npmjs.org/isstream 18ms (cache hit)
118 http fetch GET 200 https://registry.npmjs.org/stack-trace 18ms (cache hit)
119 timing idealTree:node_modules/react-native-cli/node_modules/prompt Completed in 25ms
120 timing idealTree:node_modules/react-native-cli/node_modules/pkginfo Completed in 0ms
121 silly placeDep node_modules/react-native-cli mute-stream@0.0.8 OK for: read@1.0.7 want: ~0.0.4
122 timing idealTree:node_modules/react-native-cli/node_modules/read Completed in 0ms
123 timing idealTree:node_modules/react-native-cli/node_modules/mute-stream Completed in 0ms
124 timing idealTree:node_modules/react-native-cli/node_modules/revalidator Completed in 0ms
125 timing idealTree:node_modules/react-native-cli/node_modules/semver Completed in 0ms
126 timing idealTree:node_modules/react-native-cli/node_modules/strip-ansi Completed in 0ms
127 timing idealTree:node_modules/react-native-cli/node_modules/supports-color Completed in 0ms
128 silly placeDep node_modules/react-native-cli async@0.2.10 OK for: utile@0.2.1 want: ~0.2.9
129 silly placeDep node_modules/react-native-cli deep-equal@2.2.0 OK for: utile@0.2.1 want: *
130 silly placeDep node_modules/react-native-cli i@0.3.7 OK for: utile@0.2.1 want: 0.3.x
131 silly placeDep node_modules/react-native-cli mkdirp@0.5.6 OK for: utile@0.2.1 want: 0.x.x
132 silly placeDep node_modules/react-native-cli ncp@0.4.2 OK for: utile@0.2.1 want: 0.4.x
133 silly placeDep node_modules/react-native-cli rimraf@2.7.1 OK for: utile@0.2.1 want: 2.x.x
134 silly fetch manifest call-bind@^1.0.2
135 silly fetch manifest es-get-iterator@^1.1.2
136 silly fetch manifest get-intrinsic@^1.1.3
137 silly fetch manifest is-arguments@^1.1.1
138 silly fetch manifest is-array-buffer@^3.0.1
139 silly fetch manifest is-date-object@^1.0.5
140 silly fetch manifest is-regex@^1.1.4
141 silly fetch manifest is-shared-array-buffer@^1.0.2
142 silly fetch manifest isarray@^2.0.5
143 silly fetch manifest object-is@^1.1.5
144 silly fetch manifest object-keys@^1.1.1
145 silly fetch manifest object.assign@^4.1.4
146 silly fetch manifest regexp.prototype.flags@^1.4.3
147 silly fetch manifest side-channel@^1.0.4
148 silly fetch manifest which-boxed-primitive@^1.0.2
149 silly fetch manifest which-collection@^1.0.1
150 silly fetch manifest which-typed-array@^1.1.9
151 silly fetch manifest glob@^7.1.3
152 http fetch GET 200 https://registry.npmjs.org/es-get-iterator 19ms (cache hit)
153 http fetch GET 200 https://registry.npmjs.org/is-arguments 27ms (cache hit)
154 http fetch GET 200 https://registry.npmjs.org/is-array-buffer 27ms (cache hit)
155 http fetch GET 200 https://registry.npmjs.org/is-date-object 27ms (cache hit)
156 http fetch GET 200 https://registry.npmjs.org/call-bind 28ms (cache hit)
157 http fetch GET 200 https://registry.npmjs.org/is-shared-array-buffer 27ms (cache hit)
158 http fetch GET 200 https://registry.npmjs.org/regexp.prototype.flags 24ms (cache hit)
159 http fetch GET 200 https://registry.npmjs.org/object-keys 27ms (cache hit)
160 http fetch GET 200 https://registry.npmjs.org/isarray 27ms (cache hit)
161 http fetch GET 200 https://registry.npmjs.org/which-boxed-primitive 25ms (cache hit)
162 http fetch GET 200 https://registry.npmjs.org/object-is 28ms (cache hit)
163 http fetch GET 200 https://registry.npmjs.org/object.assign 28ms (cache hit)
164 http fetch GET 200 https://registry.npmjs.org/get-intrinsic 30ms (cache hit)
165 http fetch GET 200 https://registry.npmjs.org/is-regex 29ms (cache hit)
166 http fetch GET 200 https://registry.npmjs.org/side-channel 27ms (cache hit)
167 http fetch GET 200 https://registry.npmjs.org/which-collection 26ms (cache hit)
168 http fetch GET 200 https://registry.npmjs.org/glob 26ms (cache hit)
169 http fetch GET 200 https://registry.npmjs.org/which-typed-array 30ms (cache hit)
170 timing idealTree:node_modules/react-native-cli/node_modules/utile Completed in 38ms
171 timing idealTree:node_modules/react-native-cli/node_modules/async Completed in 0ms
172 silly placeDep node_modules/react-native-cli call-bind@1.0.2 OK for: deep-equal@2.2.0 want: ^1.0.2
173 silly placeDep node_modules/react-native-cli es-get-iterator@1.1.3 OK for: deep-equal@2.2.0 want: ^1.1.2
174 silly placeDep node_modules/react-native-cli get-intrinsic@1.2.0 OK for: deep-equal@2.2.0 want: ^1.1.3
175 silly placeDep node_modules/react-native-cli is-arguments@1.1.1 OK for: deep-equal@2.2.0 want: ^1.1.1
176 silly placeDep node_modules/react-native-cli is-array-buffer@3.0.2 OK for: deep-equal@2.2.0 want: ^3.0.1
177 silly placeDep node_modules/react-native-cli is-date-object@1.0.5 OK for: deep-equal@2.2.0 want: ^1.0.5
178 silly placeDep node_modules/react-native-cli is-regex@1.1.4 OK for: deep-equal@2.2.0 want: ^1.1.4
179 silly placeDep node_modules/react-native-cli is-shared-array-buffer@1.0.2 OK for: deep-equal@2.2.0 want: ^1.0.2
180 silly placeDep node_modules/react-native-cli isarray@2.0.5 OK for: deep-equal@2.2.0 want: ^2.0.5
181 silly placeDep node_modules/react-native-cli object-is@1.1.5 OK for: deep-equal@2.2.0 want: ^1.1.5
182 silly placeDep node_modules/react-native-cli object-keys@1.1.1 OK for: deep-equal@2.2.0 want: ^1.1.1
183 silly placeDep node_modules/react-native-cli object.assign@4.1.4 OK for: deep-equal@2.2.0 want: ^4.1.4
184 silly placeDep node_modules/react-native-cli regexp.prototype.flags@1.4.3 OK for: deep-equal@2.2.0 want: ^1.4.3
185 silly placeDep node_modules/react-native-cli side-channel@1.0.4 OK for: deep-equal@2.2.0 want: ^1.0.4
186 silly placeDep node_modules/react-native-cli which-boxed-primitive@1.0.2 OK for: deep-equal@2.2.0 want: ^1.0.2
187 silly placeDep node_modules/react-native-cli which-collection@1.0.1 OK for: deep-equal@2.2.0 want: ^1.0.1
188 silly placeDep node_modules/react-native-cli which-typed-array@1.1.9 OK for: deep-equal@2.2.0 want: ^1.1.9
189 silly fetch manifest function-bind@^1.1.1
190 silly fetch manifest has-symbols@^1.0.3
191 silly fetch manifest is-map@^2.0.2
192 silly fetch manifest is-set@^2.0.2
193 silly fetch manifest is-string@^1.0.7
194 silly fetch manifest stop-iteration-iterator@^1.0.0
195 silly fetch manifest has@^1.0.3
196 silly fetch manifest has-tostringtag@^1.0.0
197 silly fetch manifest is-typed-array@^1.1.10
198 silly fetch manifest define-properties@^1.1.3
199 silly fetch manifest define-properties@^1.1.4
200 silly fetch manifest functions-have-names@^1.2.2
201 silly fetch manifest object-inspect@^1.9.0
202 silly fetch manifest is-bigint@^1.0.1
203 silly fetch manifest is-boolean-object@^1.1.0
204 silly fetch manifest is-number-object@^1.0.4
205 silly fetch manifest is-string@^1.0.5
206 silly fetch manifest is-symbol@^1.0.3
207 silly fetch manifest is-map@^2.0.1
208 silly fetch manifest is-set@^2.0.1
209 silly fetch manifest is-weakmap@^2.0.1
210 silly fetch manifest is-weakset@^2.0.1
211 silly fetch manifest available-typed-arrays@^1.0.5
212 silly fetch manifest for-each@^0.3.3
213 silly fetch manifest gopd@^1.0.1
214 http fetch GET 200 https://registry.npmjs.org/is-string 22ms (cache hit)
215 http fetch GET 200 https://registry.npmjs.org/function-bind 26ms (cache hit)
216 http fetch GET 200 https://registry.npmjs.org/has-symbols 25ms (cache hit)
217 http fetch GET 200 https://registry.npmjs.org/is-map 25ms (cache hit)
218 http fetch GET 200 https://registry.npmjs.org/stop-iteration-iterator 24ms (cache hit)
219 http fetch GET 200 https://registry.npmjs.org/has 25ms (cache hit)
220 http fetch GET 200 https://registry.npmjs.org/is-boolean-object 23ms (cache hit)
221 http fetch GET 200 https://registry.npmjs.org/define-properties 24ms (cache hit)
222 http fetch GET 200 https://registry.npmjs.org/define-properties 24ms (cache hit)
223 http fetch GET 200 https://registry.npmjs.org/for-each 19ms (cache hit)
224 http fetch GET 200 https://registry.npmjs.org/is-set 27ms (cache hit)
225 http fetch GET 200 https://registry.npmjs.org/is-set 23ms (cache hit)
226 http fetch GET 200 https://registry.npmjs.org/is-symbol 23ms (cache hit)
227 http fetch GET 200 https://registry.npmjs.org/is-typed-array 26ms (cache hit)
228 http fetch GET 200 https://registry.npmjs.org/object-inspect 26ms (cache hit)
229 http fetch GET 200 https://registry.npmjs.org/is-map 24ms (cache hit)
230 http fetch GET 200 https://registry.npmjs.org/is-weakset 25ms (cache hit)
231 http fetch GET 200 https://registry.npmjs.org/is-number-object 27ms (cache hit)
232 http fetch GET 200 https://registry.npmjs.org/has-tostringtag 29ms (cache hit)
233 http fetch GET 200 https://registry.npmjs.org/is-bigint 27ms (cache hit)
234 http fetch GET 200 https://registry.npmjs.org/is-weakmap 26ms (cache hit)
235 http fetch GET 200 https://registry.npmjs.org/is-string 30ms (cache hit)
236 http fetch GET 200 https://registry.npmjs.org/functions-have-names 28ms (cache hit)
237 http fetch GET 200 https://registry.npmjs.org/gopd 27ms (cache hit)
238 http fetch GET 200 https://registry.npmjs.org/available-typed-arrays 29ms (cache hit)
239 timing idealTree:node_modules/react-native-cli/node_modules/deep-equal Completed in 42ms
240 silly placeDep node_modules/react-native-cli function-bind@1.1.1 OK for: call-bind@1.0.2 want: ^1.1.1
241 timing idealTree:node_modules/react-native-cli/node_modules/call-bind Completed in 0ms
242 silly placeDep node_modules/react-native-cli has-symbols@1.0.3 OK for: es-get-iterator@1.1.3 want: ^1.0.3
243 silly placeDep node_modules/react-native-cli is-map@2.0.2 OK for: es-get-iterator@1.1.3 want: ^2.0.2
244 silly placeDep node_modules/react-native-cli is-set@2.0.2 OK for: es-get-iterator@1.1.3 want: ^2.0.2
245 silly placeDep node_modules/react-native-cli is-string@1.0.7 OK for: es-get-iterator@1.1.3 want: ^1.0.7
246 silly placeDep node_modules/react-native-cli stop-iteration-iterator@1.0.0 OK for: es-get-iterator@1.1.3 want: ^1.0.0
247 silly fetch manifest internal-slot@^1.0.4
248 http fetch GET 200 https://registry.npmjs.org/internal-slot 2ms (cache hit)
249 timing idealTree:node_modules/react-native-cli/node_modules/es-get-iterator Completed in 4ms
250 timing idealTree:node_modules/react-native-cli/node_modules/function-bind Completed in 0ms
251 silly placeDep node_modules/react-native-cli has@1.0.3 OK for: get-intrinsic@1.2.0 want: ^1.0.3
252 timing idealTree:node_modules/react-native-cli/node_modules/get-intrinsic Completed in 0ms
253 timing idealTree:node_modules/react-native-cli/node_modules/has Completed in 0ms
254 timing idealTree:node_modules/react-native-cli/node_modules/has-symbols Completed in 0ms
255 timing idealTree:node_modules/react-native-cli/node_modules/i Completed in 0ms
256 silly placeDep node_modules/react-native-cli has-tostringtag@1.0.0 OK for: is-arguments@1.1.1 want: ^1.0.0
257 timing idealTree:node_modules/react-native-cli/node_modules/is-arguments Completed in 0ms
258 timing idealTree:node_modules/react-native-cli/node_modules/has-tostringtag Completed in 0ms
259 silly placeDep node_modules/react-native-cli is-typed-array@1.1.10 OK for: is-array-buffer@3.0.2 want: ^1.1.10
260 timing idealTree:node_modules/react-native-cli/node_modules/is-array-buffer Completed in 1ms
261 timing idealTree:node_modules/react-native-cli/node_modules/is-date-object Completed in 0ms
262 timing idealTree:node_modules/react-native-cli/node_modules/is-map Completed in 0ms
263 timing idealTree:node_modules/react-native-cli/node_modules/is-regex Completed in 0ms
264 timing idealTree:node_modules/react-native-cli/node_modules/is-set Completed in 0ms
265 timing idealTree:node_modules/react-native-cli/node_modules/is-shared-array-buffer Completed in 0ms
266 timing idealTree:node_modules/react-native-cli/node_modules/is-string Completed in 0ms
267 silly placeDep node_modules/react-native-cli available-typed-arrays@1.0.5 OK for: is-typed-array@1.1.10 want: ^1.0.5
268 silly placeDep node_modules/react-native-cli for-each@0.3.3 OK for: is-typed-array@1.1.10 want: ^0.3.3
269 silly placeDep node_modules/react-native-cli gopd@1.0.1 OK for: is-typed-array@1.1.10 want: ^1.0.1
270 silly fetch manifest is-callable@^1.1.3
271 http fetch GET 200 https://registry.npmjs.org/is-callable 2ms (cache hit)
272 timing idealTree:node_modules/react-native-cli/node_modules/is-typed-array Completed in 3ms
273 timing idealTree:node_modules/react-native-cli/node_modules/available-typed-arrays Completed in 0ms
274 silly placeDep node_modules/react-native-cli is-callable@1.2.7 OK for: for-each@0.3.3 want: ^1.1.3
275 timing idealTree:node_modules/react-native-cli/node_modules/for-each Completed in 0ms
276 timing idealTree:node_modules/react-native-cli/node_modules/gopd Completed in 0ms
277 timing idealTree:node_modules/react-native-cli/node_modules/is-callable Completed in 0ms
278 timing idealTree:node_modules/react-native-cli/node_modules/isarray Completed in 0ms
279 timing idealTree:node_modules/react-native-cli/node_modules/mkdirp Completed in 0ms
280 timing idealTree:node_modules/react-native-cli/node_modules/ncp Completed in 0ms
281 silly placeDep node_modules/react-native-cli define-properties@1.2.0 OK for: object-is@1.1.5 want: ^1.1.3
282 silly fetch manifest has-property-descriptors@^1.0.0
283 http fetch GET 200 https://registry.npmjs.org/has-property-descriptors 1ms (cache hit)
284 timing idealTree:node_modules/react-native-cli/node_modules/object-is Completed in 2ms
285 silly placeDep node_modules/react-native-cli has-property-descriptors@1.0.0 OK for: define-properties@1.2.0 want: ^1.0.0
286 timing idealTree:node_modules/react-native-cli/node_modules/define-properties Completed in 1ms
287 timing idealTree:node_modules/react-native-cli/node_modules/has-property-descriptors Completed in 0ms
288 timing idealTree:node_modules/react-native-cli/node_modules/object-keys Completed in 0ms
289 timing idealTree:node_modules/react-native-cli/node_modules/object.assign Completed in 0ms
290 silly placeDep node_modules/react-native-cli functions-have-names@1.2.3 OK for: regexp.prototype.flags@1.4.3 want: ^1.2.2
291 timing idealTree:node_modules/react-native-cli/node_modules/regexp.prototype.flags Completed in 0ms
292 timing idealTree:node_modules/react-native-cli/node_modules/functions-have-names Completed in 0ms
293 silly placeDep node_modules/react-native-cli glob@7.2.3 OK for: rimraf@2.7.1 want: ^7.1.3
294 silly fetch manifest fs.realpath@^1.0.0
295 silly fetch manifest inflight@^1.0.4
296 silly fetch manifest inherits@2
297 silly fetch manifest minimatch@^3.1.1
298 silly fetch manifest once@^1.3.0
299 silly fetch manifest path-is-absolute@^1.0.0
300 http fetch GET 200 https://registry.npmjs.org/inherits 4ms (cache hit)
301 http fetch GET 200 https://registry.npmjs.org/fs.realpath 4ms (cache hit)
302 http fetch GET 200 https://registry.npmjs.org/inflight 5ms (cache hit)
303 http fetch GET 200 https://registry.npmjs.org/path-is-absolute 4ms (cache hit)
304 http fetch GET 200 https://registry.npmjs.org/once 4ms (cache hit)
305 http fetch GET 200 https://registry.npmjs.org/minimatch 5ms (cache hit)
306 timing idealTree:node_modules/react-native-cli/node_modules/rimraf Completed in 7ms
307 silly placeDep node_modules/react-native-cli fs.realpath@1.0.0 OK for: glob@7.2.3 want: ^1.0.0
308 silly placeDep node_modules/react-native-cli inflight@1.0.6 OK for: glob@7.2.3 want: ^1.0.4
309 silly placeDep node_modules/react-native-cli inherits@2.0.4 OK for: glob@7.2.3 want: 2
310 silly placeDep node_modules/react-native-cli minimatch@3.1.2 OK for: glob@7.2.3 want: ^3.1.1
311 silly placeDep node_modules/react-native-cli once@1.4.0 OK for: glob@7.2.3 want: ^1.3.0
312 silly placeDep node_modules/react-native-cli path-is-absolute@1.0.1 OK for: glob@7.2.3 want: ^1.0.0
313 silly fetch manifest wrappy@1
314 silly fetch manifest brace-expansion@^1.1.7
315 http fetch GET 200 https://registry.npmjs.org/wrappy 2ms (cache hit)
316 http fetch GET 200 https://registry.npmjs.org/brace-expansion 2ms (cache hit)
317 timing idealTree:node_modules/react-native-cli/node_modules/glob Completed in 4ms
318 timing idealTree:node_modules/react-native-cli/node_modules/fs.realpath Completed in 0ms
319 silly placeDep node_modules/react-native-cli wrappy@1.0.2 OK for: inflight@1.0.6 want: 1
320 timing idealTree:node_modules/react-native-cli/node_modules/inflight Completed in 0ms
321 timing idealTree:node_modules/react-native-cli/node_modules/inherits Completed in 0ms
322 silly placeDep node_modules/react-native-cli brace-expansion@1.1.11 OK for: minimatch@3.1.2 want: ^1.1.7
323 silly fetch manifest balanced-match@^1.0.0
324 silly fetch manifest concat-map@0.0.1
325 http fetch GET 200 https://registry.npmjs.org/concat-map 3ms (cache hit)
326 http fetch GET 200 https://registry.npmjs.org/balanced-match 3ms (cache hit)
327 timing idealTree:node_modules/react-native-cli/node_modules/minimatch Completed in 4ms
328 silly placeDep node_modules/react-native-cli balanced-match@1.0.2 OK for: brace-expansion@1.1.11 want: ^1.0.0
329 silly placeDep node_modules/react-native-cli concat-map@0.0.1 OK for: brace-expansion@1.1.11 want: 0.0.1
330 timing idealTree:node_modules/react-native-cli/node_modules/brace-expansion Completed in 0ms
331 timing idealTree:node_modules/react-native-cli/node_modules/balanced-match Completed in 0ms
332 timing idealTree:node_modules/react-native-cli/node_modules/concat-map Completed in 0ms
333 timing idealTree:node_modules/react-native-cli/node_modules/once Completed in 0ms
334 timing idealTree:node_modules/react-native-cli/node_modules/path-is-absolute Completed in 0ms
335 silly placeDep node_modules/react-native-cli object-inspect@1.12.3 OK for: side-channel@1.0.4 want: ^1.9.0
336 timing idealTree:node_modules/react-native-cli/node_modules/side-channel Completed in 1ms
337 timing idealTree:node_modules/react-native-cli/node_modules/object-inspect Completed in 0ms
338 silly placeDep node_modules/react-native-cli internal-slot@1.0.5 OK for: stop-iteration-iterator@1.0.0 want: ^1.0.4
339 timing idealTree:node_modules/react-native-cli/node_modules/stop-iteration-iterator Completed in 0ms
340 timing idealTree:node_modules/react-native-cli/node_modules/internal-slot Completed in 0ms
341 silly placeDep node_modules/react-native-cli is-bigint@1.0.4 OK for: which-boxed-primitive@1.0.2 want: ^1.0.1
342 silly placeDep node_modules/react-native-cli is-boolean-object@1.1.2 OK for: which-boxed-primitive@1.0.2 want: ^1.1.0
343 silly placeDep node_modules/react-native-cli is-number-object@1.0.7 OK for: which-boxed-primitive@1.0.2 want: ^1.0.4
344 silly placeDep node_modules/react-native-cli is-symbol@1.0.4 OK for: which-boxed-primitive@1.0.2 want: ^1.0.3
345 silly fetch manifest has-bigints@^1.0.1
346 http fetch GET 200 https://registry.npmjs.org/has-bigints 1ms (cache hit)
347 timing idealTree:node_modules/react-native-cli/node_modules/which-boxed-primitive Completed in 3ms
348 silly placeDep node_modules/react-native-cli has-bigints@1.0.2 OK for: is-bigint@1.0.4 want: ^1.0.1
349 timing idealTree:node_modules/react-native-cli/node_modules/is-bigint Completed in 0ms
350 timing idealTree:node_modules/react-native-cli/node_modules/has-bigints Completed in 0ms
351 timing idealTree:node_modules/react-native-cli/node_modules/is-boolean-object Completed in 0ms
352 timing idealTree:node_modules/react-native-cli/node_modules/is-number-object Completed in 0ms
353 timing idealTree:node_modules/react-native-cli/node_modules/is-symbol Completed in 0ms
354 silly placeDep node_modules/react-native-cli is-weakmap@2.0.1 OK for: which-collection@1.0.1 want: ^2.0.1
355 silly placeDep node_modules/react-native-cli is-weakset@2.0.2 OK for: which-collection@1.0.1 want: ^2.0.1
356 timing idealTree:node_modules/react-native-cli/node_modules/which-collection Completed in 1ms
357 timing idealTree:node_modules/react-native-cli/node_modules/is-weakmap Completed in 0ms
358 timing idealTree:node_modules/react-native-cli/node_modules/is-weakset Completed in 0ms
359 timing idealTree:node_modules/react-native-cli/node_modules/which-typed-array Completed in 0ms
360 silly placeDep node_modules/react-native-cli colors@0.6.2 OK for: winston@0.8.3 want: 0.6.x
361 silly placeDep node_modules/react-native-cli cycle@1.0.3 OK for: winston@0.8.3 want: 1.0.x
362 silly placeDep node_modules/react-native-cli eyes@0.1.8 OK for: winston@0.8.3 want: 0.1.x
363 silly placeDep node_modules/react-native-cli isstream@0.1.2 OK for: winston@0.8.3 want: 0.1.x
364 silly placeDep node_modules/react-native-cli/node_modules/winston pkginfo@0.3.1 OK for: winston@0.8.3 want: 0.3.x
365 silly placeDep node_modules/react-native-cli stack-trace@0.0.10 OK for: winston@0.8.3 want: 0.0.x
366 timing idealTree:node_modules/react-native-cli/node_modules/winston Completed in 2ms
367 timing idealTree:node_modules/react-native-cli/node_modules/colors Completed in 0ms
368 timing idealTree:node_modules/react-native-cli/node_modules/cycle Completed in 0ms
369 timing idealTree:node_modules/react-native-cli/node_modules/eyes Completed in 0ms
370 timing idealTree:node_modules/react-native-cli/node_modules/isstream Completed in 0ms
371 timing idealTree:node_modules/react-native-cli/node_modules/stack-trace Completed in 0ms
372 timing idealTree:node_modules/react-native-cli/node_modules/wrappy Completed in 0ms
373 timing idealTree:node_modules/react-native-cli/node_modules/winston/node_modules/pkginfo Completed in 0ms
374 timing idealTree:buildDeps Completed in 199ms
375 timing idealTree:fixDepFlags Completed in 1ms
376 timing idealTree Completed in 205ms
377 timing reify:loadTrees Completed in 226ms
378 timing reify:diffTrees Completed in 2ms
379 silly reify mark retired [
379 silly reify   '/Users/kushalchattopadhyay/.npm-global/lib/node_modules/react-native-cli',
379 silly reify   '/Users/kushalchattopadhyay/.npm-global/bin/react-native'
379 silly reify ]
380 silly reify moves {
380 silly reify   '/Users/kushalchattopadhyay/.npm-global/lib/node_modules/react-native-cli': '/Users/kushalchattopadhyay/.npm-global/lib/node_modules/.react-native-cli-zbRt3Si8',
380 silly reify   '/Users/kushalchattopadhyay/.npm-global/bin/react-native': '/Users/kushalchattopadhyay/.npm-global/bin/.react-native-DGQAN4CG'
380 silly reify }
381 timing reify:rollback:retireShallow Completed in 0ms
382 timing command:i Completed in 232ms
383 verbose stack Error: EACCES: permission denied, rename '/Users/kushalchattopadhyay/.npm-global/lib/node_modules/react-native-cli' -> '/Users/kushalchattopadhyay/.npm-global/lib/node_modules/.react-native-cli-zbRt3Si8'
384 verbose cwd /Users/kushalchattopadhyay/Downloads/Allforth
385 verbose Darwin 21.2.0
386 verbose node v19.7.0
387 verbose npm  v9.5.0
388 error code EACCES
389 error syscall rename
390 error path /Users/kushalchattopadhyay/.npm-global/lib/node_modules/react-native-cli
391 error dest /Users/kushalchattopadhyay/.npm-global/lib/node_modules/.react-native-cli-zbRt3Si8
392 error errno -13
393 error [Error: EACCES: permission denied, rename '/Users/kushalchattopadhyay/.npm-global/lib/node_modules/react-native-cli' -> '/Users/kushalchattopadhyay/.npm-global/lib/node_modules/.react-native-cli-zbRt3Si8'] {
393 error   errno: -13,
393 error   code: 'EACCES',
393 error   syscall: 'rename',
393 error   path: '/Users/kushalchattopadhyay/.npm-global/lib/node_modules/react-native-cli',
393 error   dest: '/Users/kushalchattopadhyay/.npm-global/lib/node_modules/.react-native-cli-zbRt3Si8'
393 error }
394 error
394 error The operation was rejected by your operating system.
394 error It is likely you do not have the permissions to access this file as the current user
394 error
394 error If you believe this might be a permissions issue, please double-check the
394 error permissions of the file and its containing directories, or try running
394 error the command again as root/Administrator.
395 verbose exit -13
396 timing npm Completed in 254ms
397 verbose unfinished npm timer reify 1677885438422
398 verbose unfinished npm timer reify:retireShallow 1677885438652
399 verbose code -13
400 error A complete log of this run can be found in:
400 error     /Users/kushalchattopadhyay/Downloads/Allforth/.npm-cache/_logs/2023-03-03T23_17_18_401Z-debug-0.log
