0 verbose cli /opt/homebrew/Cellar/node/19.7.0/bin/node /opt/homebrew/bin/npm
1 info using npm@9.5.0
2 info using node@v19.7.0
3 timing npm:load:whichnode Completed in 1ms
4 timing config:load:defaults Completed in 4ms
5 timing config:load:file:/opt/homebrew/lib/node_modules/npm/npmrc Completed in 1ms
6 timing config:load:builtin Completed in 1ms
7 timing config:load:cli Completed in 1ms
8 timing config:load:env Completed in 0ms
9 timing config:load:project Completed in 0ms
10 timing config:load:file:/Users/kushalchattopadhyay/.npmrc Completed in 1ms
11 timing config:load:user Completed in 1ms
12 timing config:load:file:/Users/kushalchattopadhyay/.npm-global/etc/npmrc Completed in 0ms
13 timing config:load:global Completed in 0ms
14 timing config:load:setEnvs Completed in 0ms
15 timing config:load Completed in 7ms
16 timing npm:load:configload Completed in 7ms
17 timing npm:load:mkdirpcache Completed in 0ms
18 timing npm:load:mkdirplogs Completed in 0ms
19 verbose title npm install react-native-cli
20 verbose argv "install" "--global" "react-native-cli"
21 timing npm:load:setTitle Completed in 2ms
22 timing config:load:flatten Completed in 1ms
23 timing npm:load:display Completed in 2ms
24 verbose logfile logs-max:10 dir:/Users/kushalchattopadhyay/Downloads/Allforth/.npm-cache/_logs/2023-03-03T23_16_33_792Z-
25 verbose logfile /Users/kushalchattopadhyay/Downloads/Allforth/.npm-cache/_logs/2023-03-03T23_16_33_792Z-debug-0.log
26 timing npm:load:logFile Completed in 2ms
27 timing npm:load:timers Completed in 0ms
28 timing npm:load:configScope Completed in 0ms
29 timing npm:load Completed in 14ms
30 timing config:load:flatten Completed in 0ms
31 timing arborist:ctor Completed in 0ms
32 silly logfile done cleaning log files
33 timing idealTree:init Completed in 3ms
34 timing idealTree:userRequests Completed in 1ms
35 silly idealTree buildDeps
36 silly fetch manifest react-native-cli@*
37 http fetch GET 200 https://registry.npmjs.org/react-native-cli 402ms (cache miss)
38 silly placeDep ROOT react-native-cli@2.0.1 OK for:  want: *
39 silly fetch manifest chalk@^1.1.1
40 silly fetch manifest minimist@^1.2.0
41 silly fetch manifest prompt@^0.2.14
42 silly fetch manifest semver@^5.0.3
43 http fetch GET 200 https://registry.npmjs.org/chalk 34ms (cache miss)
44 http fetch GET 200 https://registry.npmjs.org/minimist 81ms (cache miss)
45 http fetch GET 200 https://registry.npmjs.org/semver 85ms (cache miss)
46 http fetch GET 200 https://registry.npmjs.org/prompt 537ms (cache miss)
47 timing idealTree:#root Completed in 945ms
48 silly placeDep node_modules/react-native-cli chalk@1.1.3 OK for: react-native-cli@2.0.1 want: ^1.1.1
49 silly placeDep node_modules/react-native-cli minimist@1.2.8 OK for: react-native-cli@2.0.1 want: ^1.2.0
50 silly placeDep node_modules/react-native-cli prompt@0.2.14 OK for: react-native-cli@2.0.1 want: ^0.2.14
51 silly placeDep node_modules/react-native-cli semver@5.7.1 OK for: react-native-cli@2.0.1 want: ^5.0.3
52 silly fetch manifest ansi-styles@^2.2.1
53 silly fetch manifest escape-string-regexp@^1.0.2
54 silly fetch manifest has-ansi@^2.0.0
55 silly fetch manifest strip-ansi@^3.0.0
56 silly fetch manifest supports-color@^2.0.0
57 silly fetch manifest pkginfo@0.x.x
58 silly fetch manifest read@1.0.x
59 silly fetch manifest revalidator@0.1.x
60 silly fetch manifest utile@0.2.x
61 silly fetch manifest winston@0.8.x
62 http fetch GET 200 https://registry.npmjs.org/strip-ansi 30ms (cache miss)
63 http fetch GET 200 https://registry.npmjs.org/has-ansi 32ms (cache miss)
64 http fetch GET 200 https://registry.npmjs.org/escape-string-regexp 45ms (cache miss)
65 http fetch GET 200 https://registry.npmjs.org/pkginfo 45ms (cache miss)
66 http fetch GET 200 https://registry.npmjs.org/ansi-styles 46ms (cache miss)
67 http fetch GET 200 https://registry.npmjs.org/supports-color 54ms (cache miss)
68 http fetch GET 200 https://registry.npmjs.org/winston 63ms (cache miss)
69 http fetch GET 200 https://registry.npmjs.org/read 71ms (cache miss)
70 http fetch GET 200 https://registry.npmjs.org/utile 384ms (cache miss)
71 http fetch GET 200 https://registry.npmjs.org/revalidator 419ms (cache miss)
72 timing idealTree:node_modules/react-native-cli Completed in 428ms
73 silly placeDep node_modules/react-native-cli ansi-styles@2.2.1 OK for: chalk@1.1.3 want: ^2.2.1
74 silly placeDep node_modules/react-native-cli escape-string-regexp@1.0.5 OK for: chalk@1.1.3 want: ^1.0.2
75 silly placeDep node_modules/react-native-cli has-ansi@2.0.0 OK for: chalk@1.1.3 want: ^2.0.0
76 silly placeDep node_modules/react-native-cli strip-ansi@3.0.1 OK for: chalk@1.1.3 want: ^3.0.0
77 silly placeDep node_modules/react-native-cli supports-color@2.0.0 OK for: chalk@1.1.3 want: ^2.0.0
78 silly fetch manifest ansi-regex@^2.0.0
79 http fetch GET 200 https://registry.npmjs.org/ansi-regex 30ms (cache miss)
80 timing idealTree:node_modules/react-native-cli/node_modules/chalk Completed in 34ms
81 timing idealTree:node_modules/react-native-cli/node_modules/ansi-styles Completed in 0ms
82 timing idealTree:node_modules/react-native-cli/node_modules/escape-string-regexp Completed in 0ms
83 silly placeDep node_modules/react-native-cli ansi-regex@2.1.1 OK for: has-ansi@2.0.0 want: ^2.0.0
84 timing idealTree:node_modules/react-native-cli/node_modules/has-ansi Completed in 1ms
85 timing idealTree:node_modules/react-native-cli/node_modules/ansi-regex Completed in 0ms
86 timing idealTree:node_modules/react-native-cli/node_modules/minimist Completed in 0ms
87 silly placeDep node_modules/react-native-cli pkginfo@0.4.1 OK for: prompt@0.2.14 want: 0.x.x
88 silly placeDep node_modules/react-native-cli read@1.0.7 OK for: prompt@0.2.14 want: 1.0.x
89 silly placeDep node_modules/react-native-cli revalidator@0.1.8 OK for: prompt@0.2.14 want: 0.1.x
90 silly placeDep node_modules/react-native-cli utile@0.2.1 OK for: prompt@0.2.14 want: 0.2.x
91 silly placeDep node_modules/react-native-cli winston@0.8.3 OK for: prompt@0.2.14 want: 0.8.x
92 silly fetch manifest mute-stream@~0.0.4
93 silly fetch manifest async@~0.2.9
94 silly fetch manifest deep-equal@*
95 silly fetch manifest i@0.3.x
96 silly fetch manifest mkdirp@0.x.x
97 silly fetch manifest ncp@0.4.x
98 silly fetch manifest rimraf@2.x.x
99 silly fetch manifest async@0.2.x
100 silly fetch manifest colors@0.6.x
101 silly fetch manifest cycle@1.0.x
102 silly fetch manifest eyes@0.1.x
103 silly fetch manifest isstream@0.1.x
104 silly fetch manifest pkginfo@0.3.x
105 silly fetch manifest stack-trace@0.0.x
106 http fetch GET 200 https://registry.npmjs.org/deep-equal 38ms (cache miss)
107 http fetch GET 200 https://registry.npmjs.org/async 42ms (cache miss)
108 http fetch GET 200 https://registry.npmjs.org/mkdirp 45ms (cache miss)
109 http fetch GET 200 https://registry.npmjs.org/ncp 44ms (cache miss)
110 http fetch GET 200 https://registry.npmjs.org/async 50ms (cache miss)
111 http fetch GET 200 https://registry.npmjs.org/rimraf 51ms (cache miss)
112 http fetch GET 200 https://registry.npmjs.org/isstream 51ms (cache miss)
113 http fetch GET 200 https://registry.npmjs.org/mute-stream 53ms (cache miss)
114 http fetch GET 200 https://registry.npmjs.org/colors 53ms (cache miss)
115 http fetch GET 200 https://registry.npmjs.org/stack-trace 100ms (cache miss)
116 http fetch GET 200 https://registry.npmjs.org/eyes 451ms (cache miss)
117 http fetch GET 200 https://registry.npmjs.org/i 454ms (cache miss)
118 http fetch GET 200 https://registry.npmjs.org/cycle 452ms (cache miss)
119 timing idealTree:node_modules/react-native-cli/node_modules/prompt Completed in 457ms
120 timing idealTree:node_modules/react-native-cli/node_modules/pkginfo Completed in 0ms
121 silly placeDep node_modules/react-native-cli mute-stream@0.0.8 OK for: read@1.0.7 want: ~0.0.4
122 timing idealTree:node_modules/react-native-cli/node_modules/read Completed in 1ms
123 timing idealTree:node_modules/react-native-cli/node_modules/mute-stream Completed in 0ms
124 timing idealTree:node_modules/react-native-cli/node_modules/revalidator Completed in 0ms
125 timing idealTree:node_modules/react-native-cli/node_modules/semver Completed in 0ms
126 timing idealTree:node_modules/react-native-cli/node_modules/strip-ansi Completed in 0ms
127 timing idealTree:node_modules/react-native-cli/node_modules/supports-color Completed in 0ms
128 silly placeDep node_modules/react-native-cli async@0.2.10 OK for: utile@0.2.1 want: ~0.2.9
129 silly placeDep node_modules/react-native-cli deep-equal@2.2.0 OK for: utile@0.2.1 want: *
130 silly placeDep node_modules/react-native-cli i@0.3.7 OK for: utile@0.2.1 want: 0.3.x
131 silly placeDep node_modules/react-native-cli mkdirp@0.5.6 OK for: utile@0.2.1 want: 0.x.x
132 silly placeDep node_modules/react-native-cli ncp@0.4.2 OK for: utile@0.2.1 want: 0.4.x
133 silly placeDep node_modules/react-native-cli rimraf@2.7.1 OK for: utile@0.2.1 want: 2.x.x
134 silly fetch manifest call-bind@^1.0.2
135 silly fetch manifest es-get-iterator@^1.1.2
136 silly fetch manifest get-intrinsic@^1.1.3
137 silly fetch manifest is-arguments@^1.1.1
138 silly fetch manifest is-array-buffer@^3.0.1
139 silly fetch manifest is-date-object@^1.0.5
140 silly fetch manifest is-regex@^1.1.4
141 silly fetch manifest is-shared-array-buffer@^1.0.2
142 silly fetch manifest isarray@^2.0.5
143 silly fetch manifest object-is@^1.1.5
144 silly fetch manifest object-keys@^1.1.1
145 silly fetch manifest object.assign@^4.1.4
146 silly fetch manifest regexp.prototype.flags@^1.4.3
147 silly fetch manifest side-channel@^1.0.4
148 silly fetch manifest which-boxed-primitive@^1.0.2
149 silly fetch manifest which-collection@^1.0.1
150 silly fetch manifest which-typed-array@^1.1.9
151 silly fetch manifest glob@^7.1.3
152 http fetch GET 200 https://registry.npmjs.org/is-date-object 32ms (cache miss)
153 http fetch GET 200 https://registry.npmjs.org/object.assign 33ms (cache miss)
154 http fetch GET 200 https://registry.npmjs.org/is-regex 45ms (cache miss)
155 http fetch GET 200 https://registry.npmjs.org/isarray 51ms (cache miss)
156 http fetch GET 200 https://registry.npmjs.org/get-intrinsic 52ms (cache miss)
157 http fetch GET 200 https://registry.npmjs.org/object-keys 50ms (cache miss)
158 http fetch GET 200 https://registry.npmjs.org/is-shared-array-buffer 52ms (cache miss)
159 http fetch GET 200 https://registry.npmjs.org/call-bind 54ms (cache miss)
160 http fetch GET 200 https://registry.npmjs.org/es-get-iterator 54ms (cache miss)
161 http fetch GET 200 https://registry.npmjs.org/is-arguments 54ms (cache miss)
162 http fetch GET 200 https://registry.npmjs.org/object-is 52ms (cache miss)
163 http fetch GET 200 https://registry.npmjs.org/regexp.prototype.flags 51ms (cache miss)
164 http fetch GET 200 https://registry.npmjs.org/is-array-buffer 55ms (cache miss)
165 http fetch GET 200 https://registry.npmjs.org/which-collection 58ms (cache miss)
166 http fetch GET 200 https://registry.npmjs.org/side-channel 70ms (cache miss)
167 http fetch GET 200 https://registry.npmjs.org/which-boxed-primitive 75ms (cache miss)
168 http fetch GET 200 https://registry.npmjs.org/glob 77ms (cache miss)
169 http fetch GET 200 https://registry.npmjs.org/which-typed-array 83ms (cache miss)
170 timing idealTree:node_modules/react-native-cli/node_modules/utile Completed in 93ms
171 timing idealTree:node_modules/react-native-cli/node_modules/async Completed in 0ms
172 silly placeDep node_modules/react-native-cli call-bind@1.0.2 OK for: deep-equal@2.2.0 want: ^1.0.2
173 silly placeDep node_modules/react-native-cli es-get-iterator@1.1.3 OK for: deep-equal@2.2.0 want: ^1.1.2
174 silly placeDep node_modules/react-native-cli get-intrinsic@1.2.0 OK for: deep-equal@2.2.0 want: ^1.1.3
175 silly placeDep node_modules/react-native-cli is-arguments@1.1.1 OK for: deep-equal@2.2.0 want: ^1.1.1
176 silly placeDep node_modules/react-native-cli is-array-buffer@3.0.2 OK for: deep-equal@2.2.0 want: ^3.0.1
177 silly placeDep node_modules/react-native-cli is-date-object@1.0.5 OK for: deep-equal@2.2.0 want: ^1.0.5
178 silly placeDep node_modules/react-native-cli is-regex@1.1.4 OK for: deep-equal@2.2.0 want: ^1.1.4
179 silly placeDep node_modules/react-native-cli is-shared-array-buffer@1.0.2 OK for: deep-equal@2.2.0 want: ^1.0.2
180 silly placeDep node_modules/react-native-cli isarray@2.0.5 OK for: deep-equal@2.2.0 want: ^2.0.5
181 silly placeDep node_modules/react-native-cli object-is@1.1.5 OK for: deep-equal@2.2.0 want: ^1.1.5
182 silly placeDep node_modules/react-native-cli object-keys@1.1.1 OK for: deep-equal@2.2.0 want: ^1.1.1
183 silly placeDep node_modules/react-native-cli object.assign@4.1.4 OK for: deep-equal@2.2.0 want: ^4.1.4
184 silly placeDep node_modules/react-native-cli regexp.prototype.flags@1.4.3 OK for: deep-equal@2.2.0 want: ^1.4.3
185 silly placeDep node_modules/react-native-cli side-channel@1.0.4 OK for: deep-equal@2.2.0 want: ^1.0.4
186 silly placeDep node_modules/react-native-cli which-boxed-primitive@1.0.2 OK for: deep-equal@2.2.0 want: ^1.0.2
187 silly placeDep node_modules/react-native-cli which-collection@1.0.1 OK for: deep-equal@2.2.0 want: ^1.0.1
188 silly placeDep node_modules/react-native-cli which-typed-array@1.1.9 OK for: deep-equal@2.2.0 want: ^1.1.9
189 silly fetch manifest function-bind@^1.1.1
190 silly fetch manifest has-symbols@^1.0.3
191 silly fetch manifest is-map@^2.0.2
192 silly fetch manifest is-set@^2.0.2
193 silly fetch manifest is-string@^1.0.7
194 silly fetch manifest stop-iteration-iterator@^1.0.0
195 silly fetch manifest has@^1.0.3
196 silly fetch manifest has-tostringtag@^1.0.0
197 silly fetch manifest is-typed-array@^1.1.10
198 silly fetch manifest define-properties@^1.1.3
199 silly fetch manifest define-properties@^1.1.4
200 silly fetch manifest functions-have-names@^1.2.2
201 silly fetch manifest object-inspect@^1.9.0
202 silly fetch manifest is-bigint@^1.0.1
203 silly fetch manifest is-boolean-object@^1.1.0
204 silly fetch manifest is-number-object@^1.0.4
205 silly fetch manifest is-string@^1.0.5
206 silly fetch manifest is-symbol@^1.0.3
207 silly fetch manifest is-map@^2.0.1
208 silly fetch manifest is-set@^2.0.1
209 silly fetch manifest is-weakmap@^2.0.1
210 silly fetch manifest is-weakset@^2.0.1
211 silly fetch manifest available-typed-arrays@^1.0.5
212 silly fetch manifest for-each@^0.3.3
213 silly fetch manifest gopd@^1.0.1
214 http fetch GET 200 https://registry.npmjs.org/function-bind 40ms (cache miss)
215 http fetch GET 200 https://registry.npmjs.org/is-boolean-object 33ms (cache miss)
216 http fetch GET 200 https://registry.npmjs.org/is-typed-array 41ms (cache miss)
217 http fetch GET 200 https://registry.npmjs.org/is-bigint 40ms (cache miss)
218 http fetch GET 200 https://registry.npmjs.org/stop-iteration-iterator 47ms (cache miss)
219 http fetch GET 200 https://registry.npmjs.org/functions-have-names 42ms (cache miss)
220 http fetch GET 200 https://registry.npmjs.org/is-set 48ms (cache miss)
221 http fetch GET 200 https://registry.npmjs.org/is-string 48ms (cache miss)
222 http fetch GET 200 https://registry.npmjs.org/define-properties 46ms (cache miss)
223 http fetch GET 200 https://registry.npmjs.org/has-symbols 54ms (cache miss)
224 http fetch GET 200 https://registry.npmjs.org/define-properties 52ms (cache miss)
225 http fetch GET 200 https://registry.npmjs.org/has 53ms (cache miss)
226 http fetch GET 200 https://registry.npmjs.org/object-inspect 49ms (cache miss)
227 http fetch GET 200 https://registry.npmjs.org/is-string 53ms (cache miss)
228 http fetch GET 200 https://registry.npmjs.org/is-map 61ms (cache miss)
229 http fetch GET 200 https://registry.npmjs.org/has-tostringtag 61ms (cache miss)
230 http fetch GET 200 https://registry.npmjs.org/is-number-object 56ms (cache miss)
231 http fetch GET 200 https://registry.npmjs.org/is-map 55ms (cache miss)
232 http fetch GET 200 https://registry.npmjs.org/for-each 59ms (cache miss)
233 http fetch GET 200 https://registry.npmjs.org/is-set 60ms (cache miss)
234 http fetch GET 200 https://registry.npmjs.org/is-symbol 60ms (cache miss)
235 http fetch GET 200 https://registry.npmjs.org/is-weakset 65ms (cache miss)
236 http fetch GET 200 https://registry.npmjs.org/available-typed-arrays 64ms (cache miss)
237 http fetch GET 200 https://registry.npmjs.org/is-weakmap 66ms (cache miss)
238 http fetch GET 200 https://registry.npmjs.org/gopd 77ms (cache miss)
239 timing idealTree:node_modules/react-native-cli/node_modules/deep-equal Completed in 93ms
240 silly placeDep node_modules/react-native-cli function-bind@1.1.1 OK for: call-bind@1.0.2 want: ^1.1.1
241 timing idealTree:node_modules/react-native-cli/node_modules/call-bind Completed in 1ms
242 silly placeDep node_modules/react-native-cli has-symbols@1.0.3 OK for: es-get-iterator@1.1.3 want: ^1.0.3
243 silly placeDep node_modules/react-native-cli is-map@2.0.2 OK for: es-get-iterator@1.1.3 want: ^2.0.2
244 silly placeDep node_modules/react-native-cli is-set@2.0.2 OK for: es-get-iterator@1.1.3 want: ^2.0.2
245 silly placeDep node_modules/react-native-cli is-string@1.0.7 OK for: es-get-iterator@1.1.3 want: ^1.0.7
246 silly placeDep node_modules/react-native-cli stop-iteration-iterator@1.0.0 OK for: es-get-iterator@1.1.3 want: ^1.0.0
247 silly fetch manifest internal-slot@^1.0.4
248 http fetch GET 200 https://registry.npmjs.org/internal-slot 39ms (cache miss)
249 timing idealTree:node_modules/react-native-cli/node_modules/es-get-iterator Completed in 42ms
250 timing idealTree:node_modules/react-native-cli/node_modules/function-bind Completed in 0ms
251 silly placeDep node_modules/react-native-cli has@1.0.3 OK for: get-intrinsic@1.2.0 want: ^1.0.3
252 timing idealTree:node_modules/react-native-cli/node_modules/get-intrinsic Completed in 1ms
253 timing idealTree:node_modules/react-native-cli/node_modules/has Completed in 0ms
254 timing idealTree:node_modules/react-native-cli/node_modules/has-symbols Completed in 0ms
255 timing idealTree:node_modules/react-native-cli/node_modules/i Completed in 0ms
256 silly placeDep node_modules/react-native-cli has-tostringtag@1.0.0 OK for: is-arguments@1.1.1 want: ^1.0.0
257 timing idealTree:node_modules/react-native-cli/node_modules/is-arguments Completed in 0ms
258 timing idealTree:node_modules/react-native-cli/node_modules/has-tostringtag Completed in 0ms
259 silly placeDep node_modules/react-native-cli is-typed-array@1.1.10 OK for: is-array-buffer@3.0.2 want: ^1.1.10
260 timing idealTree:node_modules/react-native-cli/node_modules/is-array-buffer Completed in 0ms
261 timing idealTree:node_modules/react-native-cli/node_modules/is-date-object Completed in 0ms
262 timing idealTree:node_modules/react-native-cli/node_modules/is-map Completed in 0ms
263 timing idealTree:node_modules/react-native-cli/node_modules/is-regex Completed in 0ms
264 timing idealTree:node_modules/react-native-cli/node_modules/is-set Completed in 0ms
265 timing idealTree:node_modules/react-native-cli/node_modules/is-shared-array-buffer Completed in 0ms
266 timing idealTree:node_modules/react-native-cli/node_modules/is-string Completed in 0ms
267 silly placeDep node_modules/react-native-cli available-typed-arrays@1.0.5 OK for: is-typed-array@1.1.10 want: ^1.0.5
268 silly placeDep node_modules/react-native-cli for-each@0.3.3 OK for: is-typed-array@1.1.10 want: ^0.3.3
269 silly placeDep node_modules/react-native-cli gopd@1.0.1 OK for: is-typed-array@1.1.10 want: ^1.0.1
270 silly fetch manifest is-callable@^1.1.3
271 http fetch GET 200 https://registry.npmjs.org/is-callable 24ms (cache miss)
272 timing idealTree:node_modules/react-native-cli/node_modules/is-typed-array Completed in 25ms
273 timing idealTree:node_modules/react-native-cli/node_modules/available-typed-arrays Completed in 0ms
274 silly placeDep node_modules/react-native-cli is-callable@1.2.7 OK for: for-each@0.3.3 want: ^1.1.3
275 timing idealTree:node_modules/react-native-cli/node_modules/for-each Completed in 0ms
276 timing idealTree:node_modules/react-native-cli/node_modules/gopd Completed in 0ms
277 timing idealTree:node_modules/react-native-cli/node_modules/is-callable Completed in 0ms
278 timing idealTree:node_modules/react-native-cli/node_modules/isarray Completed in 0ms
279 timing idealTree:node_modules/react-native-cli/node_modules/mkdirp Completed in 0ms
280 timing idealTree:node_modules/react-native-cli/node_modules/ncp Completed in 0ms
281 silly placeDep node_modules/react-native-cli define-properties@1.2.0 OK for: object-is@1.1.5 want: ^1.1.3
282 silly fetch manifest has-property-descriptors@^1.0.0
283 http fetch GET 200 https://registry.npmjs.org/has-property-descriptors 27ms (cache miss)
284 timing idealTree:node_modules/react-native-cli/node_modules/object-is Completed in 27ms
285 silly placeDep node_modules/react-native-cli has-property-descriptors@1.0.0 OK for: define-properties@1.2.0 want: ^1.0.0
286 timing idealTree:node_modules/react-native-cli/node_modules/define-properties Completed in 0ms
287 timing idealTree:node_modules/react-native-cli/node_modules/has-property-descriptors Completed in 0ms
288 timing idealTree:node_modules/react-native-cli/node_modules/object-keys Completed in 0ms
289 timing idealTree:node_modules/react-native-cli/node_modules/object.assign Completed in 0ms
290 silly placeDep node_modules/react-native-cli functions-have-names@1.2.3 OK for: regexp.prototype.flags@1.4.3 want: ^1.2.2
291 timing idealTree:node_modules/react-native-cli/node_modules/regexp.prototype.flags Completed in 1ms
292 timing idealTree:node_modules/react-native-cli/node_modules/functions-have-names Completed in 0ms
293 silly placeDep node_modules/react-native-cli glob@7.2.3 OK for: rimraf@2.7.1 want: ^7.1.3
294 silly fetch manifest fs.realpath@^1.0.0
295 silly fetch manifest inflight@^1.0.4
296 silly fetch manifest inherits@2
297 silly fetch manifest minimatch@^3.1.1
298 silly fetch manifest once@^1.3.0
299 silly fetch manifest path-is-absolute@^1.0.0
300 http fetch GET 200 https://registry.npmjs.org/path-is-absolute 26ms (cache miss)
301 http fetch GET 200 https://registry.npmjs.org/inflight 27ms (cache miss)
302 http fetch GET 200 https://registry.npmjs.org/fs.realpath 36ms (cache miss)
303 http fetch GET 200 https://registry.npmjs.org/once 39ms (cache miss)
304 http fetch GET 200 https://registry.npmjs.org/minimatch 42ms (cache miss)
305 http fetch GET 200 https://registry.npmjs.org/inherits 47ms (cache miss)
306 timing idealTree:node_modules/react-native-cli/node_modules/rimraf Completed in 48ms
307 silly placeDep node_modules/react-native-cli fs.realpath@1.0.0 OK for: glob@7.2.3 want: ^1.0.0
308 silly placeDep node_modules/react-native-cli inflight@1.0.6 OK for: glob@7.2.3 want: ^1.0.4
309 silly placeDep node_modules/react-native-cli inherits@2.0.4 OK for: glob@7.2.3 want: 2
310 silly placeDep node_modules/react-native-cli minimatch@3.1.2 OK for: glob@7.2.3 want: ^3.1.1
311 silly placeDep node_modules/react-native-cli once@1.4.0 OK for: glob@7.2.3 want: ^1.3.0
312 silly placeDep node_modules/react-native-cli path-is-absolute@1.0.1 OK for: glob@7.2.3 want: ^1.0.0
313 silly fetch manifest wrappy@1
314 silly fetch manifest brace-expansion@^1.1.7
315 http fetch GET 200 https://registry.npmjs.org/wrappy 30ms (cache miss)
316 http fetch GET 200 https://registry.npmjs.org/brace-expansion 30ms (cache miss)
317 timing idealTree:node_modules/react-native-cli/node_modules/glob Completed in 33ms
318 timing idealTree:node_modules/react-native-cli/node_modules/fs.realpath Completed in 0ms
319 silly placeDep node_modules/react-native-cli wrappy@1.0.2 OK for: inflight@1.0.6 want: 1
320 timing idealTree:node_modules/react-native-cli/node_modules/inflight Completed in 1ms
321 timing idealTree:node_modules/react-native-cli/node_modules/inherits Completed in 0ms
322 silly placeDep node_modules/react-native-cli brace-expansion@1.1.11 OK for: minimatch@3.1.2 want: ^1.1.7
323 silly fetch manifest balanced-match@^1.0.0
324 silly fetch manifest concat-map@0.0.1
325 http fetch GET 200 https://registry.npmjs.org/concat-map 33ms (cache miss)
326 http fetch GET 200 https://registry.npmjs.org/balanced-match 37ms (cache miss)
327 timing idealTree:node_modules/react-native-cli/node_modules/minimatch Completed in 38ms
328 silly placeDep node_modules/react-native-cli balanced-match@1.0.2 OK for: brace-expansion@1.1.11 want: ^1.0.0
329 silly placeDep node_modules/react-native-cli concat-map@0.0.1 OK for: brace-expansion@1.1.11 want: 0.0.1
330 timing idealTree:node_modules/react-native-cli/node_modules/brace-expansion Completed in 1ms
331 timing idealTree:node_modules/react-native-cli/node_modules/balanced-match Completed in 0ms
332 timing idealTree:node_modules/react-native-cli/node_modules/concat-map Completed in 0ms
333 timing idealTree:node_modules/react-native-cli/node_modules/once Completed in 0ms
334 timing idealTree:node_modules/react-native-cli/node_modules/path-is-absolute Completed in 0ms
335 silly placeDep node_modules/react-native-cli object-inspect@1.12.3 OK for: side-channel@1.0.4 want: ^1.9.0
336 timing idealTree:node_modules/react-native-cli/node_modules/side-channel Completed in 0ms
337 timing idealTree:node_modules/react-native-cli/node_modules/object-inspect Completed in 0ms
338 silly placeDep node_modules/react-native-cli internal-slot@1.0.5 OK for: stop-iteration-iterator@1.0.0 want: ^1.0.4
339 timing idealTree:node_modules/react-native-cli/node_modules/stop-iteration-iterator Completed in 1ms
340 timing idealTree:node_modules/react-native-cli/node_modules/internal-slot Completed in 0ms
341 silly placeDep node_modules/react-native-cli is-bigint@1.0.4 OK for: which-boxed-primitive@1.0.2 want: ^1.0.1
342 silly placeDep node_modules/react-native-cli is-boolean-object@1.1.2 OK for: which-boxed-primitive@1.0.2 want: ^1.1.0
343 silly placeDep node_modules/react-native-cli is-number-object@1.0.7 OK for: which-boxed-primitive@1.0.2 want: ^1.0.4
344 silly placeDep node_modules/react-native-cli is-symbol@1.0.4 OK for: which-boxed-primitive@1.0.2 want: ^1.0.3
345 silly fetch manifest has-bigints@^1.0.1
346 http fetch GET 200 https://registry.npmjs.org/has-bigints 29ms (cache miss)
347 timing idealTree:node_modules/react-native-cli/node_modules/which-boxed-primitive Completed in 31ms
348 silly placeDep node_modules/react-native-cli has-bigints@1.0.2 OK for: is-bigint@1.0.4 want: ^1.0.1
349 timing idealTree:node_modules/react-native-cli/node_modules/is-bigint Completed in 0ms
350 timing idealTree:node_modules/react-native-cli/node_modules/has-bigints Completed in 0ms
351 timing idealTree:node_modules/react-native-cli/node_modules/is-boolean-object Completed in 0ms
352 timing idealTree:node_modules/react-native-cli/node_modules/is-number-object Completed in 0ms
353 timing idealTree:node_modules/react-native-cli/node_modules/is-symbol Completed in 0ms
354 silly placeDep node_modules/react-native-cli is-weakmap@2.0.1 OK for: which-collection@1.0.1 want: ^2.0.1
355 silly placeDep node_modules/react-native-cli is-weakset@2.0.2 OK for: which-collection@1.0.1 want: ^2.0.1
356 timing idealTree:node_modules/react-native-cli/node_modules/which-collection Completed in 1ms
357 timing idealTree:node_modules/react-native-cli/node_modules/is-weakmap Completed in 0ms
358 timing idealTree:node_modules/react-native-cli/node_modules/is-weakset Completed in 0ms
359 timing idealTree:node_modules/react-native-cli/node_modules/which-typed-array Completed in 0ms
360 silly placeDep node_modules/react-native-cli colors@0.6.2 OK for: winston@0.8.3 want: 0.6.x
361 silly placeDep node_modules/react-native-cli cycle@1.0.3 OK for: winston@0.8.3 want: 1.0.x
362 silly placeDep node_modules/react-native-cli eyes@0.1.8 OK for: winston@0.8.3 want: 0.1.x
363 silly placeDep node_modules/react-native-cli isstream@0.1.2 OK for: winston@0.8.3 want: 0.1.x
364 silly placeDep node_modules/react-native-cli/node_modules/winston pkginfo@0.3.1 OK for: winston@0.8.3 want: 0.3.x
365 silly placeDep node_modules/react-native-cli stack-trace@0.0.10 OK for: winston@0.8.3 want: 0.0.x
366 timing idealTree:node_modules/react-native-cli/node_modules/winston Completed in 2ms
367 timing idealTree:node_modules/react-native-cli/node_modules/colors Completed in 0ms
368 timing idealTree:node_modules/react-native-cli/node_modules/cycle Completed in 0ms
369 timing idealTree:node_modules/react-native-cli/node_modules/eyes Completed in 0ms
370 timing idealTree:node_modules/react-native-cli/node_modules/isstream Completed in 0ms
371 timing idealTree:node_modules/react-native-cli/node_modules/stack-trace Completed in 0ms
372 timing idealTree:node_modules/react-native-cli/node_modules/wrappy Completed in 0ms
373 timing idealTree:node_modules/react-native-cli/node_modules/winston/node_modules/pkginfo Completed in 0ms
374 timing idealTree:buildDeps Completed in 2309ms
375 timing idealTree:fixDepFlags Completed in 1ms
376 timing idealTree Completed in 2316ms
377 timing reify:loadTrees Completed in 2317ms
378 timing reify:diffTrees Completed in 1ms
379 silly reify moves {}
380 timing reify:retireShallow Completed in 0ms
381 timing reify:createSparse Completed in 4ms
382 timing reify:loadBundles Completed in 0ms
383 silly tarball no local data for stack-trace@https://registry.npmjs.org/stack-trace/-/stack-trace-0.0.10.tgz. Extracting by manifest.
384 silly tarball no local data for isstream@https://registry.npmjs.org/isstream/-/isstream-0.1.2.tgz. Extracting by manifest.
385 silly tarball no local data for eyes@https://registry.npmjs.org/eyes/-/eyes-0.1.8.tgz. Extracting by manifest.
386 silly tarball no local data for is-weakset@https://registry.npmjs.org/is-weakset/-/is-weakset-2.0.2.tgz. Extracting by manifest.
387 silly tarball no local data for cycle@https://registry.npmjs.org/cycle/-/cycle-1.0.3.tgz. Extracting by manifest.
388 silly tarball no local data for is-symbol@https://registry.npmjs.org/is-symbol/-/is-symbol-1.0.4.tgz. Extracting by manifest.
389 silly tarball no local data for is-bigint@https://registry.npmjs.org/is-bigint/-/is-bigint-1.0.4.tgz. Extracting by manifest.
390 silly tarball no local data for is-boolean-object@https://registry.npmjs.org/is-boolean-object/-/is-boolean-object-1.1.2.tgz. Extracting by manifest.
391 silly tarball no local data for internal-slot@https://registry.npmjs.org/internal-slot/-/internal-slot-1.0.5.tgz. Extracting by manifest.
392 silly tarball no local data for is-number-object@https://registry.npmjs.org/is-number-object/-/is-number-object-1.0.7.tgz. Extracting by manifest.
393 silly tarball no local data for colors@https://registry.npmjs.org/colors/-/colors-0.6.2.tgz. Extracting by manifest.
394 silly tarball no local data for is-weakmap@https://registry.npmjs.org/is-weakmap/-/is-weakmap-2.0.1.tgz. Extracting by manifest.
395 silly tarball no local data for balanced-match@https://registry.npmjs.org/balanced-match/-/balanced-match-1.0.2.tgz. Extracting by manifest.
396 silly tarball no local data for concat-map@https://registry.npmjs.org/concat-map/-/concat-map-0.0.1.tgz. Extracting by manifest.
397 silly tarball no local data for object-inspect@https://registry.npmjs.org/object-inspect/-/object-inspect-1.12.3.tgz. Extracting by manifest.
398 silly tarball no local data for has-bigints@https://registry.npmjs.org/has-bigints/-/has-bigints-1.0.2.tgz. Extracting by manifest.
399 silly tarball no local data for once@https://registry.npmjs.org/once/-/once-1.4.0.tgz. Extracting by manifest.
400 silly tarball no local data for minimatch@https://registry.npmjs.org/minimatch/-/minimatch-3.1.2.tgz. Extracting by manifest.
401 silly tarball no local data for inherits@https://registry.npmjs.org/inherits/-/inherits-2.0.4.tgz. Extracting by manifest.
402 silly tarball no local data for path-is-absolute@https://registry.npmjs.org/path-is-absolute/-/path-is-absolute-1.0.1.tgz. Extracting by manifest.
403 silly tarball no local data for inflight@https://registry.npmjs.org/inflight/-/inflight-1.0.6.tgz. Extracting by manifest.
404 silly tarball no local data for react-native-cli@https://registry.npmjs.org/react-native-cli/-/react-native-cli-2.0.1.tgz. Extracting by manifest.
405 silly tarball no local data for is-callable@https://registry.npmjs.org/is-callable/-/is-callable-1.2.7.tgz. Extracting by manifest.
406 silly tarball no local data for fs.realpath@https://registry.npmjs.org/fs.realpath/-/fs.realpath-1.0.0.tgz. Extracting by manifest.
407 silly tarball no local data for wrappy@https://registry.npmjs.org/wrappy/-/wrappy-1.0.2.tgz. Extracting by manifest.
408 silly tarball no local data for define-properties@https://registry.npmjs.org/define-properties/-/define-properties-1.2.0.tgz. Extracting by manifest.
409 silly tarball no local data for functions-have-names@https://registry.npmjs.org/functions-have-names/-/functions-have-names-1.2.3.tgz. Extracting by manifest.
410 silly tarball no local data for glob@https://registry.npmjs.org/glob/-/glob-7.2.3.tgz. Extracting by manifest.
411 silly tarball no local data for gopd@https://registry.npmjs.org/gopd/-/gopd-1.0.1.tgz. Extracting by manifest.
412 silly tarball no local data for for-each@https://registry.npmjs.org/for-each/-/for-each-0.3.3.tgz. Extracting by manifest.
413 silly tarball no local data for has@https://registry.npmjs.org/has/-/has-1.0.3.tgz. Extracting by manifest.
414 silly tarball no local data for is-typed-array@https://registry.npmjs.org/is-typed-array/-/is-typed-array-1.1.10.tgz. Extracting by manifest.
415 silly tarball no local data for has-tostringtag@https://registry.npmjs.org/has-tostringtag/-/has-tostringtag-1.0.0.tgz. Extracting by manifest.
416 silly tarball no local data for brace-expansion@https://registry.npmjs.org/brace-expansion/-/brace-expansion-1.1.11.tgz. Extracting by manifest.
417 silly tarball no local data for is-string@https://registry.npmjs.org/is-string/-/is-string-1.0.7.tgz. Extracting by manifest.
418 silly tarball no local data for has-property-descriptors@https://registry.npmjs.org/has-property-descriptors/-/has-property-descriptors-1.0.0.tgz. Extracting by manifest.
419 silly tarball no local data for available-typed-arrays@https://registry.npmjs.org/available-typed-arrays/-/available-typed-arrays-1.0.5.tgz. Extracting by manifest.
420 silly tarball no local data for is-map@https://registry.npmjs.org/is-map/-/is-map-2.0.2.tgz. Extracting by manifest.
421 silly tarball no local data for which-typed-array@https://registry.npmjs.org/which-typed-array/-/which-typed-array-1.1.9.tgz. Extracting by manifest.
422 silly tarball no local data for function-bind@https://registry.npmjs.org/function-bind/-/function-bind-1.1.1.tgz. Extracting by manifest.
423 silly tarball no local data for side-channel@https://registry.npmjs.org/side-channel/-/side-channel-1.0.4.tgz. Extracting by manifest.
424 silly tarball no local data for which-boxed-primitive@https://registry.npmjs.org/which-boxed-primitive/-/which-boxed-primitive-1.0.2.tgz. Extracting by manifest.
425 silly tarball no local data for has-symbols@https://registry.npmjs.org/has-symbols/-/has-symbols-1.0.3.tgz. Extracting by manifest.
426 silly tarball no local data for stop-iteration-iterator@https://registry.npmjs.org/stop-iteration-iterator/-/stop-iteration-iterator-1.0.0.tgz. Extracting by manifest.
427 silly tarball no local data for regexp.prototype.flags@https://registry.npmjs.org/regexp.prototype.flags/-/regexp.prototype.flags-1.4.3.tgz. Extracting by manifest.
428 silly tarball no local data for object-keys@https://registry.npmjs.org/object-keys/-/object-keys-1.1.1.tgz. Extracting by manifest.
429 silly tarball no local data for is-set@https://registry.npmjs.org/is-set/-/is-set-2.0.2.tgz. Extracting by manifest.
430 silly tarball no local data for is-shared-array-buffer@https://registry.npmjs.org/is-shared-array-buffer/-/is-shared-array-buffer-1.0.2.tgz. Extracting by manifest.
431 silly tarball no local data for object-is@https://registry.npmjs.org/object-is/-/object-is-1.1.5.tgz. Extracting by manifest.
432 silly tarball no local data for isarray@https://registry.npmjs.org/isarray/-/isarray-2.0.5.tgz. Extracting by manifest.
433 silly tarball no local data for object.assign@https://registry.npmjs.org/object.assign/-/object.assign-4.1.4.tgz. Extracting by manifest.
434 silly tarball no local data for is-arguments@https://registry.npmjs.org/is-arguments/-/is-arguments-1.1.1.tgz. Extracting by manifest.
435 silly tarball no local data for is-date-object@https://registry.npmjs.org/is-date-object/-/is-date-object-1.0.5.tgz. Extracting by manifest.
436 silly tarball no local data for es-get-iterator@https://registry.npmjs.org/es-get-iterator/-/es-get-iterator-1.1.3.tgz. Extracting by manifest.
437 silly tarball no local data for is-array-buffer@https://registry.npmjs.org/is-array-buffer/-/is-array-buffer-3.0.2.tgz. Extracting by manifest.
438 silly tarball no local data for call-bind@https://registry.npmjs.org/call-bind/-/call-bind-1.0.2.tgz. Extracting by manifest.
439 silly tarball no local data for get-intrinsic@https://registry.npmjs.org/get-intrinsic/-/get-intrinsic-1.2.0.tgz. Extracting by manifest.
440 silly tarball no local data for which-collection@https://registry.npmjs.org/which-collection/-/which-collection-1.0.1.tgz. Extracting by manifest.
441 silly tarball no local data for ncp@https://registry.npmjs.org/ncp/-/ncp-0.4.2.tgz. Extracting by manifest.
442 silly tarball no local data for deep-equal@https://registry.npmjs.org/deep-equal/-/deep-equal-2.2.0.tgz. Extracting by manifest.
443 silly tarball no local data for rimraf@https://registry.npmjs.org/rimraf/-/rimraf-2.7.1.tgz. Extracting by manifest.
444 silly tarball no local data for i@https://registry.npmjs.org/i/-/i-0.3.7.tgz. Extracting by manifest.
445 silly tarball no local data for winston@https://registry.npmjs.org/winston/-/winston-0.8.3.tgz. Extracting by manifest.
446 silly tarball no local data for mute-stream@https://registry.npmjs.org/mute-stream/-/mute-stream-0.0.8.tgz. Extracting by manifest.
447 silly tarball no local data for async@https://registry.npmjs.org/async/-/async-0.2.10.tgz. Extracting by manifest.
448 silly tarball no local data for mkdirp@https://registry.npmjs.org/mkdirp/-/mkdirp-0.5.6.tgz. Extracting by manifest.
449 silly tarball no local data for is-regex@https://registry.npmjs.org/is-regex/-/is-regex-1.1.4.tgz. Extracting by manifest.
450 silly tarball no local data for ansi-regex@https://registry.npmjs.org/ansi-regex/-/ansi-regex-2.1.1.tgz. Extracting by manifest.
451 silly tarball no local data for revalidator@https://registry.npmjs.org/revalidator/-/revalidator-0.1.8.tgz. Extracting by manifest.
452 silly tarball no local data for supports-color@https://registry.npmjs.org/supports-color/-/supports-color-2.0.0.tgz. Extracting by manifest.
453 silly tarball no local data for utile@https://registry.npmjs.org/utile/-/utile-0.2.1.tgz. Extracting by manifest.
454 silly tarball no local data for pkginfo@https://registry.npmjs.org/pkginfo/-/pkginfo-0.3.1.tgz. Extracting by manifest.
455 silly tarball no local data for strip-ansi@https://registry.npmjs.org/strip-ansi/-/strip-ansi-3.0.1.tgz. Extracting by manifest.
456 silly tarball no local data for ansi-styles@https://registry.npmjs.org/ansi-styles/-/ansi-styles-2.2.1.tgz. Extracting by manifest.
457 silly tarball no local data for escape-string-regexp@https://registry.npmjs.org/escape-string-regexp/-/escape-string-regexp-1.0.5.tgz. Extracting by manifest.
458 silly tarball no local data for read@https://registry.npmjs.org/read/-/read-1.0.7.tgz. Extracting by manifest.
459 silly tarball no local data for semver@https://registry.npmjs.org/semver/-/semver-5.7.1.tgz. Extracting by manifest.
460 silly tarball no local data for has-ansi@https://registry.npmjs.org/has-ansi/-/has-ansi-2.0.0.tgz. Extracting by manifest.
461 silly tarball no local data for pkginfo@https://registry.npmjs.org/pkginfo/-/pkginfo-0.4.1.tgz. Extracting by manifest.
462 silly tarball no local data for minimist@https://registry.npmjs.org/minimist/-/minimist-1.2.8.tgz. Extracting by manifest.
463 silly tarball no local data for chalk@https://registry.npmjs.org/chalk/-/chalk-1.1.3.tgz. Extracting by manifest.
464 silly tarball no local data for prompt@https://registry.npmjs.org/prompt/-/prompt-0.2.14.tgz. Extracting by manifest.
465 http fetch GET 200 https://registry.npmjs.org/concat-map/-/concat-map-0.0.1.tgz 95ms (cache miss)
466 http fetch GET 200 https://registry.npmjs.org/is-boolean-object/-/is-boolean-object-1.1.2.tgz 98ms (cache miss)
467 http fetch GET 200 https://registry.npmjs.org/is-weakmap/-/is-weakmap-2.0.1.tgz 96ms (cache miss)
468 http fetch GET 200 https://registry.npmjs.org/eyes/-/eyes-0.1.8.tgz 101ms (cache miss)
469 timing reifyNode:node_modules/react-native-cli/node_modules/eyes Completed in 114ms
470 http fetch GET 200 https://registry.npmjs.org/balanced-match/-/balanced-match-1.0.2.tgz 97ms (cache miss)
471 timing reifyNode:node_modules/react-native-cli/node_modules/balanced-match Completed in 114ms
472 timing reifyNode:node_modules/react-native-cli/node_modules/concat-map Completed in 115ms
473 http fetch GET 200 https://registry.npmjs.org/is-bigint/-/is-bigint-1.0.4.tgz 100ms (cache miss)
474 http fetch GET 200 https://registry.npmjs.org/isstream/-/isstream-0.1.2.tgz 102ms (cache miss)
475 timing reifyNode:node_modules/react-native-cli/node_modules/isstream Completed in 115ms
476 http fetch GET 200 https://registry.npmjs.org/stack-trace/-/stack-trace-0.0.10.tgz 103ms (cache miss)
477 timing reifyNode:node_modules/react-native-cli/node_modules/stack-trace Completed in 116ms
478 timing reifyNode:node_modules/react-native-cli/node_modules/is-weakmap Completed in 119ms
479 http fetch GET 200 https://registry.npmjs.org/is-weakset/-/is-weakset-2.0.2.tgz 106ms (cache miss)
480 http fetch GET 200 https://registry.npmjs.org/colors/-/colors-0.6.2.tgz 103ms (cache miss)
481 http fetch GET 200 https://registry.npmjs.org/cycle/-/cycle-1.0.3.tgz 106ms (cache miss)
482 timing reifyNode:node_modules/react-native-cli/node_modules/cycle Completed in 120ms
483 timing reifyNode:node_modules/react-native-cli/node_modules/is-bigint Completed in 120ms
484 http fetch GET 200 https://registry.npmjs.org/internal-slot/-/internal-slot-1.0.5.tgz 107ms (cache miss)
485 http fetch GET 200 https://registry.npmjs.org/is-number-object/-/is-number-object-1.0.7.tgz 107ms (cache miss)
486 http fetch GET 200 https://registry.npmjs.org/is-symbol/-/is-symbol-1.0.4.tgz 108ms (cache miss)
487 timing reifyNode:node_modules/react-native-cli/node_modules/is-boolean-object Completed in 125ms
488 timing reifyNode:node_modules/react-native-cli/node_modules/is-weakset Completed in 127ms
489 timing reifyNode:node_modules/react-native-cli/node_modules/is-symbol Completed in 127ms
490 timing reifyNode:node_modules/react-native-cli/node_modules/internal-slot Completed in 127ms
491 timing reifyNode:node_modules/react-native-cli/node_modules/colors Completed in 128ms
492 timing reifyNode:node_modules/react-native-cli/node_modules/is-number-object Completed in 130ms
493 http fetch GET 200 https://registry.npmjs.org/inherits/-/inherits-2.0.4.tgz 119ms (cache miss)
494 timing reifyNode:node_modules/react-native-cli/node_modules/inherits Completed in 139ms
495 http fetch GET 200 https://registry.npmjs.org/once/-/once-1.4.0.tgz 120ms (cache miss)
496 timing reifyNode:node_modules/react-native-cli/node_modules/once Completed in 139ms
497 http fetch GET 200 https://registry.npmjs.org/has-bigints/-/has-bigints-1.0.2.tgz 123ms (cache miss)
498 http fetch GET 200 https://registry.npmjs.org/path-is-absolute/-/path-is-absolute-1.0.1.tgz 123ms (cache miss)
499 timing reifyNode:node_modules/react-native-cli/node_modules/path-is-absolute Completed in 143ms
500 http fetch GET 200 https://registry.npmjs.org/inflight/-/inflight-1.0.6.tgz 123ms (cache miss)
501 timing reifyNode:node_modules/react-native-cli/node_modules/inflight Completed in 144ms
502 http fetch GET 200 https://registry.npmjs.org/minimatch/-/minimatch-3.1.2.tgz 125ms (cache miss)
503 timing reifyNode:node_modules/react-native-cli/node_modules/minimatch Completed in 144ms
504 timing reifyNode:node_modules/react-native-cli/node_modules/has-bigints Completed in 146ms
505 http fetch GET 200 https://registry.npmjs.org/functions-have-names/-/functions-have-names-1.2.3.tgz 122ms (cache miss)
506 http fetch GET 200 https://registry.npmjs.org/wrappy/-/wrappy-1.0.2.tgz 126ms (cache miss)
507 timing reifyNode:node_modules/react-native-cli/node_modules/wrappy Completed in 150ms
508 http fetch GET 200 https://registry.npmjs.org/gopd/-/gopd-1.0.1.tgz 126ms (cache miss)
509 timing reifyNode:node_modules/react-native-cli/node_modules/gopd Completed in 151ms
510 http fetch GET 200 https://registry.npmjs.org/react-native-cli/-/react-native-cli-2.0.1.tgz 133ms (cache miss)
511 timing reifyNode:node_modules/react-native-cli Completed in 155ms
512 http fetch GET 200 https://registry.npmjs.org/is-callable/-/is-callable-1.2.7.tgz 131ms (cache miss)
513 timing reifyNode:node_modules/react-native-cli/node_modules/functions-have-names Completed in 157ms
514 http fetch GET 200 https://registry.npmjs.org/define-properties/-/define-properties-1.2.0.tgz 133ms (cache miss)
515 http fetch GET 200 https://registry.npmjs.org/fs.realpath/-/fs.realpath-1.0.0.tgz 135ms (cache miss)
516 timing reifyNode:node_modules/react-native-cli/node_modules/fs.realpath Completed in 158ms
517 timing reifyNode:node_modules/react-native-cli/node_modules/define-properties Completed in 159ms
518 timing reifyNode:node_modules/react-native-cli/node_modules/is-callable Completed in 160ms
519 http fetch GET 200 https://registry.npmjs.org/glob/-/glob-7.2.3.tgz 138ms (cache miss)
520 timing reifyNode:node_modules/react-native-cli/node_modules/glob Completed in 163ms
521 http fetch GET 200 https://registry.npmjs.org/for-each/-/for-each-0.3.3.tgz 139ms (cache miss)
522 timing reifyNode:node_modules/react-native-cli/node_modules/for-each Completed in 165ms
523 http fetch GET 200 https://registry.npmjs.org/brace-expansion/-/brace-expansion-1.1.11.tgz 142ms (cache miss)
524 timing reifyNode:node_modules/react-native-cli/node_modules/brace-expansion Completed in 169ms
525 http fetch GET 200 https://registry.npmjs.org/available-typed-arrays/-/available-typed-arrays-1.0.5.tgz 142ms (cache miss)
526 http fetch GET 200 https://registry.npmjs.org/function-bind/-/function-bind-1.1.1.tgz 142ms (cache miss)
527 http fetch GET 200 https://registry.npmjs.org/has/-/has-1.0.3.tgz 153ms (cache miss)
528 timing reifyNode:node_modules/react-native-cli/node_modules/has Completed in 179ms
529 http fetch GET 200 https://registry.npmjs.org/is-typed-array/-/is-typed-array-1.1.10.tgz 155ms (cache miss)
530 http fetch GET 200 https://registry.npmjs.org/which-typed-array/-/which-typed-array-1.1.9.tgz 150ms (cache miss)
531 http fetch GET 200 https://registry.npmjs.org/has-tostringtag/-/has-tostringtag-1.0.0.tgz 154ms (cache miss)
532 http fetch GET 200 https://registry.npmjs.org/has-property-descriptors/-/has-property-descriptors-1.0.0.tgz 151ms (cache miss)
533 timing reifyNode:node_modules/react-native-cli/node_modules/which-typed-array Completed in 182ms
534 timing reifyNode:node_modules/react-native-cli/node_modules/function-bind Completed in 182ms
535 http fetch GET 200 https://registry.npmjs.org/side-channel/-/side-channel-1.0.4.tgz 150ms (cache miss)
536 timing reifyNode:node_modules/react-native-cli/node_modules/has-property-descriptors Completed in 183ms
537 timing reifyNode:node_modules/react-native-cli/node_modules/available-typed-arrays Completed in 185ms
538 http fetch GET 200 https://registry.npmjs.org/is-map/-/is-map-2.0.2.tgz 154ms (cache miss)
539 timing reifyNode:node_modules/react-native-cli/node_modules/is-typed-array Completed in 185ms
540 timing reifyNode:node_modules/react-native-cli/node_modules/side-channel Completed in 187ms
541 timing reifyNode:node_modules/react-native-cli/node_modules/has-tostringtag Completed in 187ms
542 http fetch GET 200 https://registry.npmjs.org/stop-iteration-iterator/-/stop-iteration-iterator-1.0.0.tgz 156ms (cache miss)
543 http fetch GET 200 https://registry.npmjs.org/which-boxed-primitive/-/which-boxed-primitive-1.0.2.tgz 157ms (cache miss)
544 timing reifyNode:node_modules/react-native-cli/node_modules/is-map Completed in 190ms
545 timing reifyNode:node_modules/react-native-cli/node_modules/which-boxed-primitive Completed in 193ms
546 timing reifyNode:node_modules/react-native-cli/node_modules/stop-iteration-iterator Completed in 193ms
547 http fetch GET 200 https://registry.npmjs.org/is-string/-/is-string-1.0.7.tgz 170ms (cache miss)
548 timing reifyNode:node_modules/react-native-cli/node_modules/is-string Completed in 198ms
549 http fetch GET 200 https://registry.npmjs.org/object-keys/-/object-keys-1.1.1.tgz 165ms (cache miss)
550 timing reifyNode:node_modules/react-native-cli/node_modules/object-keys Completed in 199ms
551 http fetch GET 200 https://registry.npmjs.org/is-shared-array-buffer/-/is-shared-array-buffer-1.0.2.tgz 168ms (cache miss)
552 http fetch GET 200 https://registry.npmjs.org/is-set/-/is-set-2.0.2.tgz 170ms (cache miss)
553 http fetch GET 200 https://registry.npmjs.org/is-arguments/-/is-arguments-1.1.1.tgz 169ms (cache miss)
554 http fetch GET 200 https://registry.npmjs.org/is-date-object/-/is-date-object-1.0.5.tgz 170ms (cache miss)
555 http fetch GET 200 https://registry.npmjs.org/isarray/-/isarray-2.0.5.tgz 171ms (cache miss)
556 timing reifyNode:node_modules/react-native-cli/node_modules/isarray Completed in 206ms
557 timing reifyNode:node_modules/react-native-cli/node_modules/is-shared-array-buffer Completed in 208ms
558 http fetch GET 200 https://registry.npmjs.org/es-get-iterator/-/es-get-iterator-1.1.3.tgz 174ms (cache miss)
559 http fetch GET 200 https://registry.npmjs.org/object-inspect/-/object-inspect-1.12.3.tgz 192ms (cache miss)
560 timing reifyNode:node_modules/react-native-cli/node_modules/object-inspect Completed in 210ms
561 timing reifyNode:node_modules/react-native-cli/node_modules/is-set Completed in 211ms
562 timing reifyNode:node_modules/react-native-cli/node_modules/is-date-object Completed in 211ms
563 http fetch GET 200 https://registry.npmjs.org/regexp.prototype.flags/-/regexp.prototype.flags-1.4.3.tgz 179ms (cache miss)
564 timing reifyNode:node_modules/react-native-cli/node_modules/is-arguments Completed in 212ms
565 http fetch GET 200 https://registry.npmjs.org/has-symbols/-/has-symbols-1.0.3.tgz 180ms (cache miss)
566 http fetch GET 200 https://registry.npmjs.org/call-bind/-/call-bind-1.0.2.tgz 176ms (cache miss)
567 timing reifyNode:node_modules/react-native-cli/node_modules/regexp.prototype.flags Completed in 215ms
568 timing reifyNode:node_modules/react-native-cli/node_modules/has-symbols Completed in 218ms
569 http fetch GET 200 https://registry.npmjs.org/object-is/-/object-is-1.1.5.tgz 183ms (cache miss)
570 timing reifyNode:node_modules/react-native-cli/node_modules/call-bind Completed in 218ms
571 timing reifyNode:node_modules/react-native-cli/node_modules/object-is Completed in 222ms
572 http fetch GET 200 https://registry.npmjs.org/which-collection/-/which-collection-1.0.1.tgz 184ms (cache miss)
573 http fetch GET 200 https://registry.npmjs.org/is-array-buffer/-/is-array-buffer-3.0.2.tgz 190ms (cache miss)
574 timing reifyNode:node_modules/react-native-cli/node_modules/which-collection Completed in 227ms
575 timing reifyNode:node_modules/react-native-cli/node_modules/es-get-iterator Completed in 227ms
576 timing reifyNode:node_modules/react-native-cli/node_modules/is-array-buffer Completed in 229ms
577 http fetch GET 200 https://registry.npmjs.org/async/-/async-0.2.10.tgz 187ms (cache miss)
578 http fetch GET 200 https://registry.npmjs.org/get-intrinsic/-/get-intrinsic-1.2.0.tgz 191ms (cache miss)
579 http fetch GET 200 https://registry.npmjs.org/mute-stream/-/mute-stream-0.0.8.tgz 190ms (cache miss)
580 timing reifyNode:node_modules/react-native-cli/node_modules/mute-stream Completed in 230ms
581 timing reifyNode:node_modules/react-native-cli/node_modules/async Completed in 231ms
582 timing reifyNode:node_modules/react-native-cli/node_modules/get-intrinsic Completed in 231ms
583 http fetch GET 200 https://registry.npmjs.org/is-regex/-/is-regex-1.1.4.tgz 190ms (cache miss)
584 http fetch GET 200 https://registry.npmjs.org/rimraf/-/rimraf-2.7.1.tgz 194ms (cache miss)
585 timing reifyNode:node_modules/react-native-cli/node_modules/rimraf Completed in 234ms
586 timing reifyNode:node_modules/react-native-cli/node_modules/is-regex Completed in 235ms
587 http fetch GET 200 https://registry.npmjs.org/revalidator/-/revalidator-0.1.8.tgz 192ms (cache miss)
588 http fetch GET 200 https://registry.npmjs.org/pkginfo/-/pkginfo-0.3.1.tgz 192ms (cache miss)
589 http fetch GET 200 https://registry.npmjs.org/ncp/-/ncp-0.4.2.tgz 198ms (cache miss)
590 http fetch GET 200 https://registry.npmjs.org/mkdirp/-/mkdirp-0.5.6.tgz 196ms (cache miss)
591 timing reifyNode:node_modules/react-native-cli/node_modules/mkdirp Completed in 237ms
592 http fetch GET 200 https://registry.npmjs.org/supports-color/-/supports-color-2.0.0.tgz 195ms (cache miss)
593 timing reifyNode:node_modules/react-native-cli/node_modules/supports-color Completed in 238ms
594 http fetch GET 200 https://registry.npmjs.org/ansi-styles/-/ansi-styles-2.2.1.tgz 194ms (cache miss)
595 timing reifyNode:node_modules/react-native-cli/node_modules/ansi-styles Completed in 240ms
596 timing reifyNode:node_modules/react-native-cli/node_modules/ncp Completed in 240ms
597 http fetch GET 200 https://registry.npmjs.org/ansi-regex/-/ansi-regex-2.1.1.tgz 198ms (cache miss)
598 timing reifyNode:node_modules/react-native-cli/node_modules/ansi-regex Completed in 241ms
599 http fetch GET 200 https://registry.npmjs.org/strip-ansi/-/strip-ansi-3.0.1.tgz 198ms (cache miss)
600 timing reifyNode:node_modules/react-native-cli/node_modules/strip-ansi Completed in 243ms
601 http fetch GET 200 https://registry.npmjs.org/escape-string-regexp/-/escape-string-regexp-1.0.5.tgz 198ms (cache miss)
602 timing reifyNode:node_modules/react-native-cli/node_modules/escape-string-regexp Completed in 244ms
603 timing reifyNode:node_modules/react-native-cli/node_modules/revalidator Completed in 245ms
604 http fetch GET 200 https://registry.npmjs.org/read/-/read-1.0.7.tgz 201ms (cache miss)
605 timing reifyNode:node_modules/react-native-cli/node_modules/read Completed in 248ms
606 http fetch GET 200 https://registry.npmjs.org/i/-/i-0.3.7.tgz 209ms (cache miss)
607 http fetch GET 200 https://registry.npmjs.org/deep-equal/-/deep-equal-2.2.0.tgz 210ms (cache miss)
608 timing reifyNode:node_modules/react-native-cli/node_modules/deep-equal Completed in 249ms
609 http fetch GET 200 https://registry.npmjs.org/semver/-/semver-5.7.1.tgz 203ms (cache miss)
610 timing reifyNode:node_modules/react-native-cli/node_modules/semver Completed in 250ms
611 timing reifyNode:node_modules/react-native-cli/node_modules/winston/node_modules/pkginfo Completed in 251ms
612 timing reifyNode:node_modules/react-native-cli/node_modules/i Completed in 252ms
613 http fetch GET 200 https://registry.npmjs.org/chalk/-/chalk-1.1.3.tgz 206ms (cache miss)
614 timing reifyNode:node_modules/react-native-cli/node_modules/chalk Completed in 254ms
615 http fetch GET 200 https://registry.npmjs.org/pkginfo/-/pkginfo-0.4.1.tgz 206ms (cache miss)
616 timing reifyNode:node_modules/react-native-cli/node_modules/pkginfo Completed in 256ms
617 http fetch GET 200 https://registry.npmjs.org/utile/-/utile-0.2.1.tgz 214ms (cache miss)
618 timing reifyNode:node_modules/react-native-cli/node_modules/utile Completed in 259ms
619 http fetch GET 200 https://registry.npmjs.org/has-ansi/-/has-ansi-2.0.0.tgz 213ms (cache miss)
620 timing reifyNode:node_modules/react-native-cli/node_modules/has-ansi Completed in 260ms
621 http fetch GET 200 https://registry.npmjs.org/minimist/-/minimist-1.2.8.tgz 213ms (cache miss)
622 timing reifyNode:node_modules/react-native-cli/node_modules/minimist Completed in 261ms
623 http fetch GET 200 https://registry.npmjs.org/prompt/-/prompt-0.2.14.tgz 215ms (cache miss)
624 timing reifyNode:node_modules/react-native-cli/node_modules/prompt Completed in 264ms
625 http fetch GET 200 https://registry.npmjs.org/winston/-/winston-0.8.3.tgz 227ms (cache miss)
626 timing reifyNode:node_modules/react-native-cli/node_modules/winston Completed in 268ms
627 http fetch GET 200 https://registry.npmjs.org/object.assign/-/object.assign-4.1.4.tgz 234ms (cache miss)
628 timing reifyNode:node_modules/react-native-cli/node_modules/object.assign Completed in 269ms
629 timing reify:unpack Completed in 270ms
630 timing reify:unretire Completed in 0ms
631 timing build:queue Completed in 1ms
632 timing build:link:node_modules/react-native-cli/node_modules/mkdirp Completed in 1ms
633 timing build:link:node_modules/react-native-cli Completed in 1ms
634 timing build:link:node_modules/react-native-cli/node_modules/rimraf Completed in 1ms
635 timing build:link:node_modules/react-native-cli/node_modules/ncp Completed in 1ms
636 timing build:link:node_modules/react-native-cli/node_modules/semver Completed in 1ms
637 timing build:link Completed in 1ms
638 timing build:deps Completed in 2ms
639 timing build Completed in 2ms
640 timing reify:build Completed in 3ms
641 timing reify:trash Completed in 0ms
642 timing reify Completed in 2598ms
643 silly ADD node_modules/react-native-cli
644 silly ADD node_modules/react-native-cli/node_modules/stack-trace
645 silly ADD node_modules/react-native-cli/node_modules/isstream
646 silly ADD node_modules/react-native-cli/node_modules/eyes
647 silly ADD node_modules/react-native-cli/node_modules/cycle
648 silly ADD node_modules/react-native-cli/node_modules/colors
649 silly ADD node_modules/react-native-cli/node_modules/is-weakset
650 silly ADD node_modules/react-native-cli/node_modules/is-weakmap
651 silly ADD node_modules/react-native-cli/node_modules/has-bigints
652 silly ADD node_modules/react-native-cli/node_modules/is-symbol
653 silly ADD node_modules/react-native-cli/node_modules/is-number-object
654 silly ADD node_modules/react-native-cli/node_modules/is-boolean-object
655 silly ADD node_modules/react-native-cli/node_modules/is-bigint
656 silly ADD node_modules/react-native-cli/node_modules/internal-slot
657 silly ADD node_modules/react-native-cli/node_modules/object-inspect
658 silly ADD node_modules/react-native-cli/node_modules/concat-map
659 silly ADD node_modules/react-native-cli/node_modules/balanced-match
660 silly ADD node_modules/react-native-cli/node_modules/brace-expansion
661 silly ADD node_modules/react-native-cli/node_modules/wrappy
662 silly ADD node_modules/react-native-cli/node_modules/path-is-absolute
663 silly ADD node_modules/react-native-cli/node_modules/once
664 silly ADD node_modules/react-native-cli/node_modules/minimatch
665 silly ADD node_modules/react-native-cli/node_modules/inherits
666 silly ADD node_modules/react-native-cli/node_modules/inflight
667 silly ADD node_modules/react-native-cli/node_modules/fs.realpath
668 silly ADD node_modules/react-native-cli/node_modules/glob
669 silly ADD node_modules/react-native-cli/node_modules/functions-have-names
670 silly ADD node_modules/react-native-cli/node_modules/has-property-descriptors
671 silly ADD node_modules/react-native-cli/node_modules/define-properties
672 silly ADD node_modules/react-native-cli/node_modules/is-callable
673 silly ADD node_modules/react-native-cli/node_modules/gopd
674 silly ADD node_modules/react-native-cli/node_modules/for-each
675 silly ADD node_modules/react-native-cli/node_modules/available-typed-arrays
676 silly ADD node_modules/react-native-cli/node_modules/is-typed-array
677 silly ADD node_modules/react-native-cli/node_modules/has-tostringtag
678 silly ADD node_modules/react-native-cli/node_modules/has
679 silly ADD node_modules/react-native-cli/node_modules/stop-iteration-iterator
680 silly ADD node_modules/react-native-cli/node_modules/is-string
681 silly ADD node_modules/react-native-cli/node_modules/is-set
682 silly ADD node_modules/react-native-cli/node_modules/is-map
683 silly ADD node_modules/react-native-cli/node_modules/has-symbols
684 silly ADD node_modules/react-native-cli/node_modules/function-bind
685 silly ADD node_modules/react-native-cli/node_modules/which-typed-array
686 silly ADD node_modules/react-native-cli/node_modules/which-collection
687 silly ADD node_modules/react-native-cli/node_modules/which-boxed-primitive
688 silly ADD node_modules/react-native-cli/node_modules/side-channel
689 silly ADD node_modules/react-native-cli/node_modules/regexp.prototype.flags
690 silly ADD node_modules/react-native-cli/node_modules/object.assign
691 silly ADD node_modules/react-native-cli/node_modules/object-keys
692 silly ADD node_modules/react-native-cli/node_modules/object-is
693 silly ADD node_modules/react-native-cli/node_modules/isarray
694 silly ADD node_modules/react-native-cli/node_modules/is-shared-array-buffer
695 silly ADD node_modules/react-native-cli/node_modules/is-regex
696 silly ADD node_modules/react-native-cli/node_modules/is-date-object
697 silly ADD node_modules/react-native-cli/node_modules/is-array-buffer
698 silly ADD node_modules/react-native-cli/node_modules/is-arguments
699 silly ADD node_modules/react-native-cli/node_modules/get-intrinsic
700 silly ADD node_modules/react-native-cli/node_modules/es-get-iterator
701 silly ADD node_modules/react-native-cli/node_modules/call-bind
702 silly ADD node_modules/react-native-cli/node_modules/rimraf
703 silly ADD node_modules/react-native-cli/node_modules/ncp
704 silly ADD node_modules/react-native-cli/node_modules/mkdirp
705 silly ADD node_modules/react-native-cli/node_modules/i
706 silly ADD node_modules/react-native-cli/node_modules/deep-equal
707 silly ADD node_modules/react-native-cli/node_modules/async
708 silly ADD node_modules/react-native-cli/node_modules/mute-stream
709 silly ADD node_modules/react-native-cli/node_modules/winston
710 silly ADD node_modules/react-native-cli/node_modules/winston/node_modules/pkginfo
711 silly ADD node_modules/react-native-cli/node_modules/utile
712 silly ADD node_modules/react-native-cli/node_modules/revalidator
713 silly ADD node_modules/react-native-cli/node_modules/read
714 silly ADD node_modules/react-native-cli/node_modules/pkginfo
715 silly ADD node_modules/react-native-cli/node_modules/ansi-regex
716 silly ADD node_modules/react-native-cli/node_modules/supports-color
717 silly ADD node_modules/react-native-cli/node_modules/strip-ansi
718 silly ADD node_modules/react-native-cli/node_modules/has-ansi
719 silly ADD node_modules/react-native-cli/node_modules/escape-string-regexp
720 silly ADD node_modules/react-native-cli/node_modules/ansi-styles
721 silly ADD node_modules/react-native-cli/node_modules/semver
722 silly ADD node_modules/react-native-cli/node_modules/prompt
723 silly ADD node_modules/react-native-cli/node_modules/minimist
724 silly ADD node_modules/react-native-cli/node_modules/chalk
725 timing command:install Completed in 2601ms
726 verbose exit 0
727 timing npm Completed in 2622ms
728 info ok
