0 verbose cli /opt/homebrew/Cellar/node/19.7.0/bin/node /opt/homebrew/bin/npm
1 info using npm@9.5.0
2 info using node@v19.7.0
3 timing npm:load:whichnode Completed in 1ms
4 timing config:load:defaults Completed in 1ms
5 timing config:load:file:/opt/homebrew/lib/node_modules/npm/npmrc Completed in 2ms
6 timing config:load:builtin Completed in 2ms
7 timing config:load:cli Completed in 1ms
8 timing config:load:env Completed in 0ms
9 timing config:load:file:/Users/kushalchattopadhyay/Downloads/Allforth/.npmrc Completed in 0ms
10 timing config:load:project Completed in 1ms
11 timing config:load:file:/Users/kushalchattopadhyay/.npmrc Completed in 0ms
12 timing config:load:user Completed in 1ms
13 timing config:load:file:/Users/kushalchattopadhyay/.npm-global/etc/npmrc Completed in 0ms
14 timing config:load:global Completed in 0ms
15 timing config:load:setEnvs Completed in 0ms
16 timing config:load Completed in 6ms
17 timing npm:load:configload Completed in 6ms
18 timing npm:load:mkdirpcache Completed in 0ms
19 timing npm:load:mkdirplogs Completed in 0ms
20 verbose title npm install react-native-maps
21 verbose argv "install" "--save" "react-native-maps"
22 timing npm:load:setTitle Completed in 2ms
23 timing config:load:flatten Completed in 1ms
24 timing npm:load:display Completed in 1ms
25 verbose logfile logs-max:10 dir:/Users/kushalchattopadhyay/Downloads/Allforth/.npm-cache/_logs/2023-03-03T23_16_11_920Z-
26 verbose logfile /Users/kushalchattopadhyay/Downloads/Allforth/.npm-cache/_logs/2023-03-03T23_16_11_920Z-debug-0.log
27 timing npm:load:logFile Completed in 3ms
28 timing npm:load:timers Completed in 0ms
29 timing npm:load:configScope Completed in 0ms
30 timing npm:load Completed in 13ms
31 timing arborist:ctor Completed in 0ms
32 silly logfile done cleaning log files
33 timing idealTree:init Completed in 263ms
34 timing idealTree:userRequests Completed in 2ms
35 silly idealTree buildDeps
36 silly fetch manifest react-native-maps@1.4.0
37 timing arborist:ctor Completed in 0ms
38 http fetch GET 200 https://registry.npmjs.org/react-native-maps 656ms (cache miss)
39 silly fetch manifest react@18.2.0
40 http fetch GET 200 https://registry.npmjs.org/react 140ms (cache miss)
41 silly fetch manifest react-native@0.71.3
42 http fetch GET 200 https://registry.npmjs.org/react-native 304ms (cache miss)
43 silly fetch manifest react-native-web@>= 0.11
44 http fetch GET 200 https://registry.npmjs.org/react-native-web 91ms (cache miss)
45 silly fetch manifest react-dom@^17.0.2 || ^18.0.0
46 http fetch GET 200 https://registry.npmjs.org/react-dom 163ms (cache miss)
47 silly placeDep ROOT react-native-maps@1.4.0 REPLACE for: Allforth@0.0.1 want: 1.4.0
48 timing idealTree:#root Completed in 1409ms
49 timing idealTree:node_modules/react-native-maps Completed in 0ms
50 timing idealTree:buildDeps Completed in 1409ms
51 timing idealTree:fixDepFlags Completed in 9ms
52 timing idealTree Completed in 1688ms
53 timing reify:loadTrees Completed in 1688ms
54 timing reify:diffTrees Completed in 14ms
55 silly reify mark retired [
55 silly reify   '/Users/kushalchattopadhyay/Downloads/Allforth/node_modules/metro-symbolicate',
55 silly reify   '/Users/kushalchattopadhyay/Downloads/Allforth/node_modules/.bin/metro-symbolicate'
55 silly reify ]
56 silly reify mark retired [
56 silly reify   '/Users/kushalchattopadhyay/Downloads/Allforth/node_modules/rimraf',
56 silly reify   '/Users/kushalchattopadhyay/Downloads/Allforth/node_modules/.bin/rimraf'
56 silly reify ]
57 silly reify moves {
57 silly reify   '/Users/kushalchattopadhyay/Downloads/Allforth/node_modules/metro-symbolicate': '/Users/kushalchattopadhyay/Downloads/Allforth/node_modules/.metro-symbolicate-dR6zLNIs',
57 silly reify   '/Users/kushalchattopadhyay/Downloads/Allforth/node_modules/.bin/metro-symbolicate': '/Users/kushalchattopadhyay/Downloads/Allforth/node_modules/.bin/.metro-symbolicate-LTa76roO',
57 silly reify   '/Users/kushalchattopadhyay/Downloads/Allforth/node_modules/rimraf': '/Users/kushalchattopadhyay/Downloads/Allforth/node_modules/.rimraf-7QQM7hd2',
57 silly reify   '/Users/kushalchattopadhyay/Downloads/Allforth/node_modules/.bin/rimraf': '/Users/kushalchattopadhyay/Downloads/Allforth/node_modules/.bin/.rimraf-9ZJI0ZFO'
57 silly reify }
58 timing reify:retireShallow Completed in 4ms
59 timing reify:createSparse Completed in 0ms
60 timing reify:loadBundles Completed in 0ms
61 silly audit bulk request {
61 silly audit   '@ampproject/remapping': [ '2.2.0' ],
61 silly audit   '@babel/code-frame': [ '7.18.6' ],
61 silly audit   '@babel/compat-data': [ '7.21.0' ],
61 silly audit   '@babel/core': [ '7.21.0' ],
61 silly audit   '@babel/eslint-parser': [ '7.19.1' ],
61 silly audit   '@babel/generator': [ '7.21.1' ],
61 silly audit   '@jridgewell/gen-mapping': [ '0.3.2', '0.1.1' ],
61 silly audit   '@babel/helper-annotate-as-pure': [ '7.18.6' ],
61 silly audit   '@babel/helper-builder-binary-assignment-operator-visitor': [ '7.18.9' ],
61 silly audit   '@babel/helper-compilation-targets': [ '7.20.7' ],
61 silly audit   '@babel/helper-create-class-features-plugin': [ '7.21.0' ],
61 silly audit   '@babel/helper-create-regexp-features-plugin': [ '7.21.0' ],
61 silly audit   '@babel/helper-define-polyfill-provider': [ '0.3.3' ],
61 silly audit   '@babel/helper-environment-visitor': [ '7.18.9' ],
61 silly audit   '@babel/helper-explode-assignable-expression': [ '7.18.6' ],
61 silly audit   '@babel/helper-function-name': [ '7.21.0' ],
61 silly audit   '@babel/helper-hoist-variables': [ '7.18.6' ],
61 silly audit   '@babel/helper-member-expression-to-functions': [ '7.21.0' ],
61 silly audit   '@babel/helper-module-imports': [ '7.18.6' ],
61 silly audit   '@babel/helper-module-transforms': [ '7.21.2' ],
61 silly audit   '@babel/helper-optimise-call-expression': [ '7.18.6' ],
61 silly audit   '@babel/helper-plugin-utils': [ '7.20.2' ],
61 silly audit   '@babel/helper-remap-async-to-generator': [ '7.18.9' ],
61 silly audit   '@babel/helper-replace-supers': [ '7.20.7' ],
61 silly audit   '@babel/helper-simple-access': [ '7.20.2' ],
61 silly audit   '@babel/helper-skip-transparent-expression-wrappers': [ '7.20.0' ],
61 silly audit   '@babel/helper-split-export-declaration': [ '7.18.6' ],
61 silly audit   '@babel/helper-string-parser': [ '7.19.4' ],
61 silly audit   '@babel/helper-validator-identifier': [ '7.19.1' ],
61 silly audit   '@babel/helper-validator-option': [ '7.21.0' ],
61 silly audit   '@babel/helper-wrap-function': [ '7.20.5' ],
61 silly audit   '@babel/helpers': [ '7.21.0' ],
61 silly audit   '@babel/highlight': [ '7.18.6' ],
61 silly audit   '@babel/parser': [ '7.21.2' ],
61 silly audit   '@babel/plugin-bugfix-safari-id-destructuring-collision-in-function-expression': [ '7.18.6' ],
61 silly audit   '@babel/plugin-bugfix-v8-spread-parameters-in-optional-chaining': [ '7.20.7' ],
61 silly audit   '@babel/plugin-proposal-async-generator-functions': [ '7.20.7' ],
61 silly audit   '@babel/plugin-proposal-class-properties': [ '7.18.6' ],
61 silly audit   '@babel/plugin-proposal-class-static-block': [ '7.21.0' ],
61 silly audit   '@babel/plugin-proposal-dynamic-import': [ '7.18.6' ],
61 silly audit   '@babel/plugin-proposal-export-default-from': [ '7.18.10' ],
61 silly audit   '@babel/plugin-proposal-export-namespace-from': [ '7.18.9' ],
61 silly audit   '@babel/plugin-proposal-json-strings': [ '7.18.6' ],
61 silly audit   '@babel/plugin-proposal-logical-assignment-operators': [ '7.20.7' ],
61 silly audit   '@babel/plugin-proposal-nullish-coalescing-operator': [ '7.18.6' ],
61 silly audit   '@babel/plugin-proposal-numeric-separator': [ '7.18.6' ],
61 silly audit   '@babel/plugin-proposal-object-rest-spread': [ '7.20.7' ],
61 silly audit   '@babel/plugin-proposal-optional-catch-binding': [ '7.18.6' ],
61 silly audit   '@babel/plugin-proposal-optional-chaining': [ '7.21.0' ],
61 silly audit   '@babel/plugin-proposal-private-methods': [ '7.18.6' ],
61 silly audit   '@babel/plugin-proposal-private-property-in-object': [ '7.21.0' ],
61 silly audit   '@babel/plugin-proposal-unicode-property-regex': [ '7.18.6' ],
61 silly audit   '@babel/plugin-syntax-async-generators': [ '7.8.4' ],
61 silly audit   '@babel/plugin-syntax-bigint': [ '7.8.3' ],
61 silly audit   '@babel/plugin-syntax-class-properties': [ '7.12.13' ],
61 silly audit   '@babel/plugin-syntax-class-static-block': [ '7.14.5' ],
61 silly audit   '@babel/plugin-syntax-dynamic-import': [ '7.8.3' ],
61 silly audit   '@babel/plugin-syntax-export-default-from': [ '7.18.6' ],
61 silly audit   '@babel/plugin-syntax-export-namespace-from': [ '7.8.3' ],
61 silly audit   '@babel/plugin-syntax-flow': [ '7.18.6' ],
61 silly audit   '@babel/plugin-syntax-import-assertions': [ '7.20.0' ],
61 silly audit   '@babel/plugin-syntax-import-meta': [ '7.10.4' ],
61 silly audit   '@babel/plugin-syntax-json-strings': [ '7.8.3' ],
61 silly audit   '@babel/plugin-syntax-jsx': [ '7.18.6' ],
61 silly audit   '@babel/plugin-syntax-logical-assignment-operators': [ '7.10.4' ],
61 silly audit   '@babel/plugin-syntax-nullish-coalescing-operator': [ '7.8.3' ],
61 silly audit   '@babel/plugin-syntax-numeric-separator': [ '7.10.4' ],
61 silly audit   '@babel/plugin-syntax-object-rest-spread': [ '7.8.3' ],
61 silly audit   '@babel/plugin-syntax-optional-catch-binding': [ '7.8.3' ],
61 silly audit   '@babel/plugin-syntax-optional-chaining': [ '7.8.3' ],
61 silly audit   '@babel/plugin-syntax-private-property-in-object': [ '7.14.5' ],
61 silly audit   '@babel/plugin-syntax-top-level-await': [ '7.14.5' ],
61 silly audit   '@babel/plugin-syntax-typescript': [ '7.20.0' ],
61 silly audit   '@babel/plugin-transform-arrow-functions': [ '7.20.7' ],
61 silly audit   '@babel/plugin-transform-async-to-generator': [ '7.20.7' ],
61 silly audit   '@babel/plugin-transform-block-scoped-functions': [ '7.18.6' ],
61 silly audit   '@babel/plugin-transform-block-scoping': [ '7.21.0' ],
61 silly audit   '@babel/plugin-transform-classes': [ '7.21.0' ],
61 silly audit   '@babel/plugin-transform-computed-properties': [ '7.20.7' ],
61 silly audit   '@babel/plugin-transform-destructuring': [ '7.20.7' ],
61 silly audit   '@babel/plugin-transform-dotall-regex': [ '7.18.6' ],
61 silly audit   '@babel/plugin-transform-duplicate-keys': [ '7.18.9' ],
61 silly audit   '@babel/plugin-transform-exponentiation-operator': [ '7.18.6' ],
61 silly audit   '@babel/plugin-transform-flow-strip-types': [ '7.21.0' ],
61 silly audit   '@babel/plugin-transform-for-of': [ '7.21.0' ],
61 silly audit   '@babel/plugin-transform-function-name': [ '7.18.9' ],
61 silly audit   '@babel/plugin-transform-literals': [ '7.18.9' ],
61 silly audit   '@babel/plugin-transform-member-expression-literals': [ '7.18.6' ],
61 silly audit   '@babel/plugin-transform-modules-amd': [ '7.20.11' ],
61 silly audit   '@babel/plugin-transform-modules-commonjs': [ '7.21.2' ],
61 silly audit   '@babel/plugin-transform-modules-systemjs': [ '7.20.11' ],
61 silly audit   '@babel/plugin-transform-modules-umd': [ '7.18.6' ],
61 silly audit   '@babel/plugin-transform-named-capturing-groups-regex': [ '7.20.5' ],
61 silly audit   '@babel/plugin-transform-new-target': [ '7.18.6' ],
61 silly audit   '@babel/plugin-transform-object-super': [ '7.18.6' ],
61 silly audit   '@babel/plugin-transform-parameters': [ '7.20.7' ],
61 silly audit   '@babel/plugin-transform-property-literals': [ '7.18.6' ],
61 silly audit   '@babel/plugin-transform-react-display-name': [ '7.18.6' ],
61 silly audit   '@babel/plugin-transform-react-jsx': [ '7.21.0' ],
61 silly audit   '@babel/plugin-transform-react-jsx-self': [ '7.21.0' ],
61 silly audit   '@babel/plugin-transform-react-jsx-source': [ '7.19.6' ],
61 silly audit   '@babel/plugin-transform-regenerator': [ '7.20.5' ],
61 silly audit   '@babel/plugin-transform-reserved-words': [ '7.18.6' ],
61 silly audit   '@babel/plugin-transform-runtime': [ '7.21.0' ],
61 silly audit   '@babel/plugin-transform-shorthand-properties': [ '7.18.6' ],
61 silly audit   '@babel/plugin-transform-spread': [ '7.20.7' ],
61 silly audit   '@babel/plugin-transform-sticky-regex': [ '7.18.6' ],
61 silly audit   '@babel/plugin-transform-template-literals': [ '7.18.9' ],
61 silly audit   '@babel/plugin-transform-typeof-symbol': [ '7.18.9' ],
61 silly audit   '@babel/plugin-transform-typescript': [ '7.21.0' ],
61 silly audit   '@babel/plugin-transform-unicode-escapes': [ '7.18.10' ],
61 silly audit   '@babel/plugin-transform-unicode-regex': [ '7.18.6' ],
61 silly audit   '@babel/preset-env': [ '7.20.2' ],
61 silly audit   '@babel/preset-flow': [ '7.18.6' ],
61 silly audit   '@babel/preset-modules': [ '0.1.5' ],
61 silly audit   '@babel/preset-typescript': [ '7.21.0' ],
61 silly audit   '@babel/register': [ '7.21.0' ],
61 silly audit   'make-dir': [ '2.1.0', '3.1.0' ],
61 silly audit   semver: [ '5.7.1', '7.3.8', '6.3.0' ],
61 silly audit   'source-map-support': [ '0.5.21', '0.5.13' ],
61 silly audit   '@babel/regjsgen': [ '0.8.0' ],
61 silly audit   '@babel/runtime': [ '7.21.0' ],
61 silly audit   '@babel/template': [ '7.20.7' ],
61 silly audit   '@babel/traverse': [ '7.21.2' ],
61 silly audit   '@babel/types': [ '7.21.2' ],
61 silly audit   '@bcoe/v8-coverage': [ '0.2.3' ],
61 silly audit   '@eslint/eslintrc': [ '2.0.0' ],
61 silly audit   argparse: [ '2.0.1', '1.0.10' ],
61 silly audit   globals: [ '13.20.0', '11.12.0' ],
61 silly audit   'js-yaml': [ '4.1.0', '3.14.1' ],
61 silly audit   'type-fest': [ '0.20.2', '0.7.1', '0.21.3' ],
61 silly audit   '@eslint/js': [ '8.35.0' ],
61 silly audit   '@hapi/hoek': [ '9.3.0' ],
61 silly audit   '@hapi/topo': [ '5.1.0' ],
61 silly audit   '@humanwhocodes/config-array': [ '0.11.8' ],
61 silly audit   '@humanwhocodes/module-importer': [ '1.0.1' ],
61 silly audit   '@humanwhocodes/object-schema': [ '1.2.1' ],
61 silly audit   '@istanbuljs/load-nyc-config': [ '1.1.0' ],
61 silly audit   '@istanbuljs/schema': [ '0.1.3' ],
61 silly audit   '@jest/console': [ '29.4.3' ],
61 silly audit   'ansi-styles': [ '4.3.0', '3.2.1', '5.2.0' ],
61 silly audit   chalk: [ '4.1.2', '2.4.2' ],
61 silly audit   'color-convert': [ '2.0.1', '1.9.3' ],
61 silly audit   'color-name': [ '1.1.4', '1.1.3' ],
61 silly audit   'has-flag': [ '4.0.0', '3.0.0' ],
61 silly audit   'supports-color': [ '7.2.0', '8.1.1', '5.5.0' ],
61 silly audit   '@jest/core': [ '29.4.3' ],
61 silly audit   '@jest/create-cache-key-function': [ '29.4.3' ],
61 silly audit   '@jest/environment': [ '29.4.3' ],
61 silly audit   '@jest/expect': [ '29.4.3' ],
61 silly audit   '@jest/expect-utils': [ '29.4.3' ],
61 silly audit   '@jest/fake-timers': [ '29.4.3' ],
61 silly audit   '@jest/globals': [ '29.4.3' ],
61 silly audit   '@jest/reporters': [ '29.4.3' ],
61 silly audit   '@jest/schemas': [ '29.4.3' ],
61 silly audit   '@jest/source-map': [ '29.4.3' ],
61 silly audit   '@jest/test-result': [ '29.4.3' ],
61 silly audit   '@jest/test-sequencer': [ '29.4.3' ],
61 silly audit   '@jest/transform': [ '29.4.3' ],
61 silly audit   'convert-source-map': [ '2.0.0', '1.9.0' ],
61 silly audit   '@jest/types': [ '29.4.3', '26.6.2', '27.5.1' ],
61 silly audit   '@jridgewell/resolve-uri': [ '3.1.0' ],
61 silly audit   '@jridgewell/set-array': [ '1.1.2' ],
61 silly audit   '@jridgewell/source-map': [ '0.3.2' ],
61 silly audit   '@jridgewell/sourcemap-codec': [ '1.4.14' ],
61 silly audit   '@jridgewell/trace-mapping': [ '0.3.17' ],
61 silly audit   '@nicolo-ribaudo/eslint-scope-5-internals': [ '5.1.1-v1' ],
61 silly audit   '@nodelib/fs.scandir': [ '2.1.5' ],
61 silly audit   '@nodelib/fs.stat': [ '2.0.5' ],
61 silly audit   '@nodelib/fs.walk': [ '1.2.8' ],
61 silly audit   '@react-native-community/cli': [ '10.1.3' ],
61 silly audit   '@react-native-community/cli-clean': [ '10.1.1' ],
61 silly audit   'cross-spawn': [ '6.0.5', '7.0.3' ],
61 silly audit   execa: [ '1.0.0', '5.1.1' ],
61 silly audit   'get-stream': [ '4.1.0', '6.0.1' ],
61 silly audit   'is-stream': [ '1.1.0', '2.0.1' ],
61 silly audit   'npm-run-path': [ '2.0.2', '4.0.1' ],
61 silly audit   'path-key': [ '2.0.1', '3.1.1' ],
61 silly audit   'shebang-command': [ '1.2.0', '2.0.0' ],
61 silly audit   'shebang-regex': [ '1.0.0', '3.0.0' ],
61 silly audit   which: [ '1.3.1', '2.0.2' ],
61 silly audit   '@react-native-community/cli-config': [ '10.1.1' ],
61 silly audit   deepmerge: [ '3.3.0', '4.3.0' ],
61 silly audit   '@react-native-community/cli-debugger-ui': [ '10.0.0' ],
61 silly audit   '@react-native-community/cli-doctor': [ '10.2.0' ],
61 silly audit   '@react-native-community/cli-platform-ios': [ '10.2.0', '10.1.1' ],
61 silly audit   'ansi-regex': [ '4.1.1', '5.0.1' ],
61 silly audit   'strip-ansi': [ '5.2.0', '6.0.1' ],
61 silly audit   '@react-native-community/cli-hermes': [ '10.2.0' ],
61 silly audit   '@react-native-community/cli-platform-android': [ '10.2.0', '10.1.3' ],
61 silly audit   '@react-native-community/cli-plugin-metro': [ '10.2.0' ],
61 silly audit   'metro-react-native-babel-preset': [ '0.73.8', '0.73.7' ],
61 silly audit   'metro-react-native-babel-transformer': [ '0.73.8', '0.73.7' ],
61 silly audit   'metro-runtime': [ '0.73.8', '0.73.7' ],
61 silly audit   'metro-source-map': [ '0.73.8', '0.73.7' ],
61 silly audit   ob1: [ '0.73.8', '0.73.7' ],
61 silly audit   'source-map': [ '0.5.7', '0.7.4', '0.6.1' ],
61 silly audit   '@react-native-community/cli-server-api': [ '10.1.1' ],
61 silly audit   '@types/yargs': [ '15.0.15', '17.0.22', '16.0.5' ],
61 silly audit   'pretty-format': [ '26.6.2', '29.4.3' ],
61 silly audit   'react-is': [ '17.0.2', '16.13.1', '18.2.0' ],
61 silly audit   ws: [ '7.5.9', '6.2.2' ],
61 silly audit   '@react-native-community/cli-tools': [ '10.1.1' ],
61 silly audit   'find-up': [ '5.0.0', '3.0.0', '4.1.0' ],
61 silly audit   'locate-path': [ '6.0.0', '3.0.0', '5.0.0' ],
61 silly audit   'p-locate': [ '5.0.0', '3.0.0', '4.1.0' ],
61 silly audit   '@react-native-community/cli-types': [ '10.0.0' ],
61 silly audit   '@react-native-community/eslint-config': [ '3.2.0' ],
61 silly audit   '@react-native-community/eslint-plugin': [ '1.3.0' ],
61 silly audit   '@react-native/assets': [ '1.0.0' ],
61 silly audit   '@react-native/normalize-color': [ '2.1.0' ],
61 silly audit   '@react-native/polyfills': [ '2.0.0' ],
61 silly audit   '@sideway/address': [ '4.1.4' ],
61 silly audit   '@sideway/formula': [ '3.0.1' ],
61 silly audit   '@sideway/pinpoint': [ '2.0.0' ],
61 silly audit   '@sinclair/typebox': [ '0.25.24' ],
61 silly audit   '@sinonjs/commons': [ '2.0.0' ],
61 silly audit   '@sinonjs/fake-timers': [ '10.0.2' ],
61 silly audit   '@tsconfig/react-native': [ '2.0.3' ],
61 silly audit   '@types/babel__core': [ '7.20.0' ],
61 silly audit   '@types/babel__generator': [ '7.6.4' ],
61 silly audit   '@types/babel__template': [ '7.4.1' ],
61 silly audit   '@types/babel__traverse': [ '7.18.3' ],
61 silly audit   '@types/geojson': [ '7946.0.10' ],
61 silly audit   '@types/graceful-fs': [ '4.1.6' ],
61 silly audit   '@types/istanbul-lib-coverage': [ '2.0.4' ],
61 silly audit   '@types/istanbul-lib-report': [ '3.0.0' ],
61 silly audit   '@types/istanbul-reports': [ '3.0.1' ],
61 silly audit   '@types/jest': [ '29.4.0' ],
61 silly audit   '@types/json-schema': [ '7.0.11' ],
61 silly audit   '@types/node': [ '18.14.6' ],
61 silly audit   '@types/prettier': [ '2.7.2' ],
61 silly audit   '@types/prop-types': [ '15.7.5' ],
61 silly audit   '@types/react': [ '18.0.28' ],
61 silly audit   '@types/react-test-renderer': [ '18.0.0' ],
61 silly audit   '@types/scheduler': [ '0.16.2' ],
61 silly audit   '@types/semver': [ '7.3.13' ],
61 silly audit   '@types/stack-utils': [ '2.0.1' ],
61 silly audit   '@types/yargs-parser': [ '21.0.0' ],
61 silly audit   '@typescript-eslint/eslint-plugin': [ '5.54.0' ],
61 silly audit   'lru-cache': [ '6.0.0', '5.1.1' ],
61 silly audit   yallist: [ '4.0.0', '3.1.1' ],
61 silly audit   '@typescript-eslint/parser': [ '5.54.0' ],
61 silly audit   '@typescript-eslint/scope-manager': [ '5.54.0' ],
61 silly audit   '@typescript-eslint/type-utils': [ '5.54.0' ],
61 silly audit   '@typescript-eslint/types': [ '5.54.0' ],
61 silly audit   '@typescript-eslint/typescript-estree': [ '5.54.0' ],
61 silly audit   '@typescript-eslint/utils': [ '5.54.0' ],
61 silly audit   '@typescript-eslint/visitor-keys': [ '5.54.0' ],
61 silly audit   'eslint-visitor-keys': [ '3.3.0', '2.1.0' ],
61 silly audit   'abort-controller': [ '3.0.0' ],
61 silly audit   'absolute-path': [ '0.0.0' ],
61 silly audit   accepts: [ '1.3.8' ],
61 silly audit   acorn: [ '8.8.2' ],
61 silly audit   'acorn-jsx': [ '5.3.2' ],
61 silly audit   ajv: [ '6.12.6' ],
61 silly audit   anser: [ '1.4.10' ],
61 silly audit   'ansi-escapes': [ '4.3.2' ],
61 silly audit   'ansi-fragments': [ '0.2.1' ],
61 silly audit   anymatch: [ '3.1.3' ],
61 silly audit   appdirsjs: [ '1.2.7' ],
61 silly audit   'arr-diff': [ '4.0.0' ],
61 silly audit   'arr-flatten': [ '1.1.0' ],
61 silly audit   'arr-union': [ '3.1.0' ],
61 silly audit   'array-includes': [ '3.1.6' ],
61 silly audit   'array-union': [ '2.1.0' ],
61 silly audit   'array-unique': [ '0.3.2' ],
61 silly audit   'array.prototype.flatmap': [ '1.3.1' ],
61 silly audit   'array.prototype.tosorted': [ '1.1.1' ],
61 silly audit   asap: [ '2.0.6' ],
61 silly audit   'assign-symbols': [ '1.0.0' ],
61 silly audit   'ast-types': [ '0.14.2' ],
61 silly audit   'astral-regex': [ '1.0.0' ],
61 silly audit   async: [ '3.2.4' ],
61 silly audit   'async-limiter': [ '1.0.1' ],
61 silly audit   atob: [ '2.1.2' ],
61 silly audit   'available-typed-arrays': [ '1.0.5' ],
61 silly audit   'babel-core': [ '7.0.0-bridge.0' ],
61 silly audit   'babel-jest': [ '29.4.3' ],
61 silly audit   'babel-plugin-istanbul': [ '6.1.1' ],
61 silly audit   'babel-plugin-jest-hoist': [ '29.4.3' ],
61 silly audit   'babel-plugin-polyfill-corejs2': [ '0.3.3' ],
61 silly audit   'babel-plugin-polyfill-corejs3': [ '0.6.0' ],
61 silly audit   'babel-plugin-polyfill-regenerator': [ '0.4.1' ],
61 silly audit   'babel-plugin-syntax-trailing-function-commas': [ '7.0.0-beta.0' ],
61 silly audit   'babel-preset-current-node-syntax': [ '1.0.1' ],
61 silly audit   'babel-preset-fbjs': [ '3.4.0' ],
61 silly audit   'babel-preset-jest': [ '29.4.3' ],
61 silly audit   'balanced-match': [ '1.0.2' ],
61 silly audit   base: [ '0.11.2' ],
61 silly audit   'define-property': [ '1.0.0', '0.2.5', '2.0.2' ],
61 silly audit   'base64-js': [ '1.5.1' ],
61 silly audit   bl: [ '4.1.0' ],
61 silly audit   'brace-expansion': [ '1.1.11' ],
61 silly audit   braces: [ '3.0.2', '2.3.2' ],
61 silly audit   browserslist: [ '4.21.5' ],
61 silly audit   bser: [ '2.1.1' ],
61 silly audit   buffer: [ '5.7.1' ],
61 silly audit   'buffer-from': [ '1.1.2' ],
61 silly audit   bytes: [ '3.0.0' ],
61 silly audit   'cache-base': [ '1.0.1' ],
61 silly audit   'call-bind': [ '1.0.2' ],
61 silly audit   'caller-callsite': [ '2.0.0' ],
61 silly audit   callsites: [ '2.0.0', '3.1.0' ],
61 silly audit   'caller-path': [ '2.0.0' ],
61 silly audit   camelcase: [ '5.3.1', '6.3.0' ],
61 silly audit   'caniuse-lite': [ '1.0.30001460' ],
61 silly audit   'char-regex': [ '1.0.2' ],
61 silly audit   'ci-info': [ '3.8.0', '2.0.0' ],
61 silly audit   'cjs-module-lexer': [ '1.2.2' ],
61 silly audit   'class-utils': [ '0.3.6' ],
61 silly audit   'is-accessor-descriptor': [ '0.1.6', '1.0.0' ],
61 silly audit   'kind-of': [ '3.2.2', '5.1.0', '4.0.0', '6.0.3' ],
61 silly audit   'is-data-descriptor': [ '0.1.4', '1.0.0' ],
61 silly audit   'is-descriptor': [ '0.1.6', '1.0.2' ],
61 silly audit   'cli-cursor': [ '3.1.0' ],
61 silly audit   'cli-spinners': [ '2.7.0' ],
61 silly audit   cliui: [ '8.0.1', '6.0.0' ],
61 silly audit   clone: [ '1.0.4' ],
61 silly audit   'clone-deep': [ '4.0.1' ],
61 silly audit   co: [ '4.6.0' ],
61 silly audit   'collect-v8-coverage': [ '1.0.1' ],
61 silly audit   'collection-visit': [ '1.0.0' ],
61 silly audit   colorette: [ '1.4.0' ],
61 silly audit   'command-exists': [ '1.2.9' ],
61 silly audit   commander: [ '9.5.0', '2.20.3', '2.13.0' ],
61 silly audit   commondir: [ '1.0.1' ],
61 silly audit   'component-emitter': [ '1.3.0' ],
61 silly audit   compressible: [ '2.0.18' ],
61 silly audit   compression: [ '1.7.4' ],
61 silly audit   debug: [ '2.6.9', '4.3.4' ],
61 silly audit   ms: [ '2.0.0', '2.1.2', '2.1.3' ],
61 silly audit   'concat-map': [ '0.0.1' ],
61 silly audit   connect: [ '3.7.0' ],
61 silly audit   'copy-descriptor': [ '0.1.1' ],
61 silly audit   'core-js-compat': [ '3.29.0' ],
61 silly audit   'core-util-is': [ '1.0.3' ],
61 silly audit   cosmiconfig: [ '5.2.1' ],
61 silly audit   'import-fresh': [ '2.0.0', '3.3.0' ],
61 silly audit   'parse-json': [ '4.0.0', '5.2.0' ],
61 silly audit   'resolve-from': [ '3.0.0', '4.0.0', '5.0.0' ],
61 silly audit   csstype: [ '3.1.1' ],
61 silly audit   dayjs: [ '1.11.7' ],
61 silly audit   decamelize: [ '1.2.0' ],
61 silly audit   'decode-uri-component': [ '0.2.2' ],
61 silly audit   dedent: [ '0.7.0' ],
61 silly audit   'deep-is': [ '0.1.4' ],
61 silly audit   defaults: [ '1.0.4' ],
61 silly audit   'define-properties': [ '1.2.0' ],
61 silly audit   denodeify: [ '1.2.1' ],
61 silly audit   depd: [ '2.0.0' ],
61 silly audit   'deprecated-react-native-prop-types': [ '3.0.1' ],
61 silly audit   destroy: [ '1.2.0' ],
61 silly audit   'detect-newline': [ '3.1.0' ],
61 silly audit   'diff-sequences': [ '29.4.3' ],
61 silly audit   'dir-glob': [ '3.0.1' ],
61 silly audit   doctrine: [ '3.0.0', '2.1.0' ],
61 silly audit   'ee-first': [ '1.1.1' ],
61 silly audit   'electron-to-chromium': [ '1.4.319' ],
61 silly audit   emittery: [ '0.13.1' ],
61 silly audit   'emoji-regex': [ '8.0.0' ],
61 silly audit   encodeurl: [ '1.0.2' ],
61 silly audit   'end-of-stream': [ '1.4.4' ],
61 silly audit   envinfo: [ '7.8.1' ],
61 silly audit   'error-ex': [ '1.3.2' ],
61 silly audit   'error-stack-parser': [ '2.1.4' ],
61 silly audit   errorhandler: [ '1.5.1' ],
61 silly audit   'es-abstract': [ '1.21.1' ],
61 silly audit   'es-set-tostringtag': [ '2.0.1' ],
61 silly audit   'es-shim-unscopables': [ '1.0.0' ],
61 silly audit   'es-to-primitive': [ '1.2.1' ],
61 silly audit   escalade: [ '3.1.1' ],
61 silly audit   'escape-html': [ '1.0.3' ],
61 silly audit   'escape-string-regexp': [ '1.0.5', '4.0.0', '2.0.0' ],
61 silly audit   eslint: [ '8.35.0' ],
61 silly audit   'eslint-config-prettier': [ '8.6.0' ],
61 silly audit   'eslint-plugin-eslint-comments': [ '3.2.0' ],
61 silly audit   'eslint-plugin-ft-flow': [ '2.0.3' ],
61 silly audit   'eslint-plugin-jest': [ '26.9.0' ],
61 silly audit   'eslint-plugin-prettier': [ '4.2.1' ],
61 silly audit   'eslint-plugin-react': [ '7.32.2' ],
61 silly audit   'eslint-plugin-react-hooks': [ '4.6.0' ],
61 silly audit   'eslint-plugin-react-native': [ '4.0.0' ],
61 silly audit   'eslint-plugin-react-native-globals': [ '0.1.2' ],
61 silly audit   resolve: [ '2.0.0-next.4', '1.22.1' ],
61 silly audit   'eslint-scope': [ '5.1.1', '7.1.1' ],
61 silly audit   estraverse: [ '4.3.0', '5.3.0' ],
61 silly audit   'eslint-utils': [ '3.0.0' ],
61 silly audit   espree: [ '9.4.1' ],
61 silly audit   esprima: [ '4.0.1' ],
61 silly audit   esquery: [ '1.5.0' ],
61 silly audit   esrecurse: [ '4.3.0' ],
61 silly audit   esutils: [ '2.0.3' ],
61 silly audit   etag: [ '1.8.1' ],
61 silly audit   'event-target-shim': [ '5.0.1' ],
61 silly audit   exit: [ '0.1.2' ],
61 silly audit   'expand-brackets': [ '2.1.4' ],
61 silly audit   'extend-shallow': [ '2.0.1', '3.0.2' ],
61 silly audit   'is-extendable': [ '0.1.1', '1.0.1' ],
61 silly audit   expect: [ '29.4.3' ],
61 silly audit   extglob: [ '2.0.4' ],
61 silly audit   'fast-deep-equal': [ '3.1.3' ],
61 silly audit   'fast-diff': [ '1.2.0' ],
61 silly audit   'fast-glob': [ '3.2.12' ],
61 silly audit   'glob-parent': [ '5.1.2', '6.0.2' ],
61 silly audit   'fast-json-stable-stringify': [ '2.1.0' ],
61 silly audit   'fast-levenshtein': [ '2.0.6' ],
61 silly audit   'fast-xml-parser': [ '4.1.3' ],
61 silly audit   fastq: [ '1.15.0' ],
61 silly audit   'fb-watchman': [ '2.0.2' ],
61 silly audit   'file-entry-cache': [ '6.0.1' ],
61 silly audit   'fill-range': [ '7.0.1', '4.0.0' ],
61 silly audit   finalhandler: [ '1.1.2' ],
61 silly audit   'find-cache-dir': [ '2.1.0' ],
61 silly audit   'p-limit': [ '2.3.0', '3.1.0' ],
61 silly audit   'path-exists': [ '3.0.0', '4.0.0' ],
61 silly audit   'pkg-dir': [ '3.0.0', '4.2.0' ],
61 silly audit   'flat-cache': [ '3.0.4' ],
61 silly audit   flatted: [ '3.2.7' ],
61 silly audit   'flow-parser': [ '0.185.2' ],
61 silly audit   'for-each': [ '0.3.3' ],
61 silly audit   'for-in': [ '1.0.2' ],
61 silly audit   'fragment-cache': [ '0.2.1' ],
61 silly audit   fresh: [ '0.5.2' ],
61 silly audit   'fs-extra': [ '8.1.0' ],
61 silly audit   'fs.realpath': [ '1.0.0' ],
61 silly audit   fsevents: [ '2.3.2' ],
61 silly audit   'function-bind': [ '1.1.1' ],
61 silly audit   'function.prototype.name': [ '1.1.5' ],
61 silly audit   'functions-have-names': [ '1.2.3' ],
61 silly audit   gensync: [ '1.0.0-beta.2' ],
61 silly audit   'get-caller-file': [ '2.0.5' ],
61 silly audit   'get-intrinsic': [ '1.2.0' ],
61 silly audit   'get-package-type': [ '0.1.0' ],
61 silly audit   'get-symbol-description': [ '1.0.0' ],
61 silly audit   'get-value': [ '2.0.6' ],
61 silly audit   glob: [ '7.2.3' ],
61 silly audit   globalthis: [ '1.0.3' ],
61 silly audit   globby: [ '11.1.0' ],
61 silly audit   gopd: [ '1.0.1' ],
61 silly audit   'graceful-fs': [ '4.2.10' ],
61 silly audit   'grapheme-splitter': [ '1.0.4' ],
61 silly audit   has: [ '1.0.3' ],
61 silly audit   'has-bigints': [ '1.0.2' ],
61 silly audit   'has-property-descriptors': [ '1.0.0' ],
61 silly audit   'has-proto': [ '1.0.1' ],
61 silly audit   'has-symbols': [ '1.0.3' ],
61 silly audit   'has-tostringtag': [ '1.0.0' ],
61 silly audit   'has-value': [ '1.0.0', '0.3.1' ],
61 silly audit   'has-values': [ '1.0.0', '0.1.4' ],
61 silly audit   'is-number': [ '3.0.0', '7.0.0' ],
61 silly audit   'hermes-estree': [ '0.8.0' ],
61 silly audit   'hermes-parser': [ '0.8.0' ],
61 silly audit   'hermes-profile-transformer': [ '0.0.6' ],
61 silly audit   'html-escaper': [ '2.0.2' ],
61 silly audit   'http-errors': [ '2.0.0' ],
61 silly audit   statuses: [ '2.0.1', '1.5.0' ],
61 silly audit   'human-signals': [ '2.1.0' ],
61 silly audit   ieee754: [ '1.2.1' ],
61 silly audit   ignore: [ '5.2.4' ],
61 silly audit   'image-size': [ '0.6.3' ],
61 silly audit   'import-local': [ '3.1.0' ],
61 silly audit   imurmurhash: [ '0.1.4' ],
61 silly audit   inflight: [ '1.0.6' ],
61 silly audit   inherits: [ '2.0.4' ],
61 silly audit   'internal-slot': [ '1.0.5' ],
61 silly audit   invariant: [ '2.2.4' ],
61 silly audit   ip: [ '1.1.8' ],
61 silly audit   'is-array-buffer': [ '3.0.2' ],
61 silly audit   'is-arrayish': [ '0.2.1' ],
61 silly audit   'is-bigint': [ '1.0.4' ],
61 silly audit   'is-boolean-object': [ '1.1.2' ],
61 silly audit   'is-buffer': [ '1.1.6' ],
61 silly audit   'is-callable': [ '1.2.7' ],
61 silly audit   'is-core-module': [ '2.11.0' ],
61 silly audit   'is-date-object': [ '1.0.5' ],
61 silly audit   'is-directory': [ '0.3.1' ],
61 silly audit   'is-extglob': [ '2.1.1' ],
61 silly audit   'is-fullwidth-code-point': [ '2.0.0', '3.0.0' ],
61 silly audit   'is-generator-fn': [ '2.1.0' ],
61 silly audit   'is-glob': [ '4.0.3' ],
61 silly audit   'is-interactive': [ '1.0.0' ],
61 silly audit   'is-negative-zero': [ '2.0.2' ],
61 silly audit   'is-number-object': [ '1.0.7' ],
61 silly audit   'is-path-inside': [ '3.0.3' ],
61 silly audit   'is-plain-object': [ '2.0.4' ],
61 silly audit   'is-regex': [ '1.1.4' ],
61 silly audit   'is-shared-array-buffer': [ '1.0.2' ],
61 silly audit   'is-string': [ '1.0.7' ],
61 silly audit   'is-symbol': [ '1.0.4' ],
61 silly audit   'is-typed-array': [ '1.1.10' ],
61 silly audit   'is-unicode-supported': [ '0.1.0' ],
61 silly audit   'is-weakref': [ '1.0.2' ],
61 silly audit   'is-windows': [ '1.0.2' ],
61 silly audit   'is-wsl': [ '1.1.0' ],
61 silly audit   isarray: [ '1.0.0' ],
61 silly audit   isexe: [ '2.0.0' ],
61 silly audit   isobject: [ '3.0.1', '2.1.0' ],
61 silly audit   'istanbul-lib-coverage': [ '3.2.0' ],
61 silly audit   'istanbul-lib-instrument': [ '5.2.1' ],
61 silly audit   'istanbul-lib-report': [ '3.0.0' ],
61 silly audit   'istanbul-lib-source-maps': [ '4.0.1' ],
61 silly audit   'istanbul-reports': [ '3.1.5' ],
61 silly audit   jest: [ '29.4.3' ],
61 silly audit   'jest-changed-files': [ '29.4.3' ],
61 silly audit   'jest-circus': [ '29.4.3' ],
61 silly audit   'jest-cli': [ '29.4.3' ],
61 silly audit   'jest-config': [ '29.4.3' ],
61 silly audit   'jest-diff': [ '29.4.3' ],
61 silly audit   'jest-docblock': [ '29.4.3' ],
61 silly audit   'jest-each': [ '29.4.3' ],
61 silly audit   'jest-environment-node': [ '29.4.3' ],
61 silly audit   'jest-get-type': [ '29.4.3', '26.3.0' ],
61 silly audit   'jest-haste-map': [ '29.4.3' ],
61 silly audit   'jest-leak-detector': [ '29.4.3' ],
61 silly audit   'jest-matcher-utils': [ '29.4.3' ],
61 silly audit   'jest-message-util': [ '29.4.3' ],
61 silly audit   'jest-mock': [ '29.4.3' ],
61 silly audit   'jest-pnp-resolver': [ '1.2.3' ],
61 silly audit   'jest-regex-util': [ '29.4.3', '27.5.1' ],
61 silly audit   'jest-resolve': [ '29.4.3' ],
61 silly audit   'jest-resolve-dependencies': [ '29.4.3' ],
61 silly audit   'jest-runner': [ '29.4.3' ],
61 silly audit   'jest-runtime': [ '29.4.3' ],
61 silly audit   'jest-serializer': [ '27.5.1' ],
61 silly audit   'jest-snapshot': [ '29.4.3' ],
61 silly audit   'jest-util': [ '29.4.3', '27.5.1' ],
61 silly audit   'jest-validate': [ '29.4.3', '26.6.2' ],
61 silly audit   'jest-watcher': [ '29.4.3' ],
61 silly audit   'jest-worker': [ '29.4.3', '27.5.1' ],
61 silly audit   joi: [ '17.8.3' ],
61 silly audit   'js-sdsl': [ '4.3.0' ],
61 silly audit   'js-tokens': [ '4.0.0' ],
61 silly audit   'jsc-android': [ '250231.0.0' ],
61 silly audit   jscodeshift: [ '0.13.1' ],
61 silly audit   micromatch: [ '3.1.10', '4.0.5' ],
61 silly audit   rimraf: [ '2.6.3', '3.0.2', '2.2.8' ],
61 silly audit   temp: [ '0.8.4', '0.8.3' ],
61 silly audit   'to-regex-range': [ '2.1.1', '5.0.1' ],
61 silly audit   'write-file-atomic': [ '2.4.3', '4.0.2' ],
61 silly audit   jsesc: [ '2.5.2', '0.5.0' ],
61 silly audit   'json-parse-better-errors': [ '1.0.2' ],
61 silly audit   'json-parse-even-better-errors': [ '2.3.1' ],
61 silly audit   'json-schema-traverse': [ '0.4.1' ],
61 silly audit   'json-stable-stringify-without-jsonify': [ '1.0.1' ],
61 silly audit   json5: [ '2.2.3' ],
61 silly audit   jsonfile: [ '4.0.0' ],
61 silly audit   'jsx-ast-utils': [ '3.3.3' ],
61 silly audit   kleur: [ '3.0.3' ],
61 silly audit   leven: [ '3.1.0' ],
61 silly audit   levn: [ '0.4.1' ],
61 silly audit   'lines-and-columns': [ '1.2.4' ],
61 silly audit   lodash: [ '4.17.21' ],
61 silly audit   'lodash.debounce': [ '4.0.8' ],
61 silly audit   'lodash.merge': [ '4.6.2' ],
61 silly audit   'lodash.throttle': [ '4.1.1' ],
61 silly audit   'log-symbols': [ '4.1.0' ],
61 silly audit   logkitty: [ '0.7.1' ],
61 silly audit   'wrap-ansi': [ '6.2.0', '7.0.0' ],
61 silly audit   y18n: [ '4.0.3', '5.0.8' ],
61 silly audit   yargs: [ '15.4.1', '17.7.1' ],
61 silly audit   'yargs-parser': [ '18.1.3', '21.1.1' ],
61 silly audit   'loose-envify': [ '1.4.0' ],
61 silly audit   makeerror: [ '1.0.12' ],
61 silly audit   'map-cache': [ '0.2.2' ],
61 silly audit   'map-visit': [ '1.0.0' ],
61 silly audit   'memoize-one': [ '5.2.1' ],
61 silly audit   'merge-stream': [ '2.0.0' ],
61 silly audit   merge2: [ '1.4.1' ],
61 silly audit   metro: [ '0.73.8' ],
61 silly audit   'metro-babel-transformer': [ '0.73.8', '0.73.7' ],
61 silly audit   'metro-cache': [ '0.73.8' ],
61 silly audit   'metro-cache-key': [ '0.73.8' ],
61 silly audit   'metro-config': [ '0.73.8' ],
61 silly audit   'metro-core': [ '0.73.8' ],
61 silly audit   'metro-file-map': [ '0.73.8' ],
61 silly audit   'metro-hermes-compiler': [ '0.73.8' ],
61 silly audit   'metro-inspector-proxy': [ '0.73.8' ],
61 silly audit   'metro-minify-terser': [ '0.73.8' ],
61 silly audit   'metro-minify-uglify': [ '0.73.8' ],
61 silly audit   'metro-resolver': [ '0.73.8' ],
61 silly audit   'metro-symbolicate': [ '0.73.7', '0.73.8' ],
61 silly audit   'metro-transform-plugins': [ '0.73.8' ],
61 silly audit   'metro-transform-worker': [ '0.73.8' ],
61 silly audit   mime: [ '2.6.0', '1.6.0' ],
61 silly audit   'mime-db': [ '1.52.0' ],
61 silly audit   'mime-types': [ '2.1.35' ],
61 silly audit   'mimic-fn': [ '2.1.0' ],
61 silly audit   minimatch: [ '3.1.2' ],
61 silly audit   minimist: [ '1.2.8' ],
61 silly audit   'mixin-deep': [ '1.3.2' ],
61 silly audit   mkdirp: [ '0.5.6' ],
61 silly audit   nanomatch: [ '1.2.13' ],
61 silly audit   'natural-compare': [ '1.4.0' ],
61 silly audit   'natural-compare-lite': [ '1.4.0' ],
61 silly audit   negotiator: [ '0.6.3' ],
61 silly audit   'neo-async': [ '2.6.2' ],
61 silly audit   'nice-try': [ '1.0.5' ],
61 silly audit   nocache: [ '3.0.4' ],
61 silly audit   'node-dir': [ '0.1.17' ],
61 silly audit   'node-fetch': [ '2.6.9' ],
61 silly audit   'node-int64': [ '0.4.0' ],
61 silly audit   'node-releases': [ '2.0.10' ],
61 silly audit   'node-stream-zip': [ '1.15.0' ],
61 silly audit   'normalize-path': [ '3.0.0' ],
61 silly audit   nullthrows: [ '1.1.1' ],
61 silly audit   'object-assign': [ '4.1.1' ],
61 silly audit   'object-copy': [ '0.1.0' ],
61 silly audit   'object-inspect': [ '1.12.3' ],
61 silly audit   'object-keys': [ '1.1.1' ],
61 silly audit   'object-visit': [ '1.0.1' ],
61 silly audit   'object.assign': [ '4.1.4' ],
61 silly audit   'object.entries': [ '1.1.6' ],
61 silly audit   'object.fromentries': [ '2.0.6' ],
61 silly audit   'object.hasown': [ '1.1.2' ],
61 silly audit   'object.pick': [ '1.3.0' ],
61 silly audit   'object.values': [ '1.1.6' ],
61 silly audit   'on-finished': [ '2.3.0', '2.4.1' ],
61 silly audit   'on-headers': [ '1.0.2' ],
61 silly audit   once: [ '1.4.0' ],
61 silly audit   onetime: [ '5.1.2' ],
61 silly audit   open: [ '6.4.0' ],
61 silly audit   optionator: [ '0.9.1' ],
61 silly audit   ora: [ '5.4.1' ],
61 silly audit   'os-tmpdir': [ '1.0.2' ],
61 silly audit   'p-finally': [ '1.0.0' ],
61 silly audit   'p-try': [ '2.2.0' ],
61 silly audit   'parent-module': [ '1.0.1' ],
61 silly audit   parseurl: [ '1.3.3' ],
61 silly audit   pascalcase: [ '0.1.1' ],
61 silly audit   'path-is-absolute': [ '1.0.1' ],
61 silly audit   'path-parse': [ '1.0.7' ],
61 silly audit   'path-type': [ '4.0.0' ],
61 silly audit   picocolors: [ '1.0.0' ],
61 silly audit   picomatch: [ '2.3.1' ],
61 silly audit   pify: [ '4.0.1' ],
61 silly audit   pirates: [ '4.0.5' ],
61 silly audit   'posix-character-classes': [ '0.1.1' ],
61 silly audit   'prelude-ls': [ '1.2.1' ],
61 silly audit   prettier: [ '2.8.4' ],
61 silly audit   'prettier-linter-helpers': [ '1.0.0' ],
61 silly audit   'process-nextick-args': [ '2.0.1' ],
61 silly audit   promise: [ '8.3.0' ],
61 silly audit   prompts: [ '2.4.2' ],
61 silly audit   'prop-types': [ '15.8.1' ],
61 silly audit   pump: [ '3.0.0' ],
61 silly audit   punycode: [ '2.3.0' ],
61 silly audit   'queue-microtask': [ '1.2.3' ],
61 silly audit   'range-parser': [ '1.2.1' ],
61 silly audit   react: [ '18.2.0' ],
61 silly audit   'react-devtools-core': [ '4.27.2' ],
61 silly audit   'react-native': [ '0.71.3' ],
61 silly audit   'react-native-codegen': [ '0.71.5' ],
61 silly audit   'react-native-gradle-plugin': [ '0.71.15' ],
61 silly audit   'react-refresh': [ '0.4.3' ],
61 silly audit   'react-shallow-renderer': [ '16.15.0' ],
61 silly audit   'react-test-renderer': [ '18.2.0' ],
61 silly audit   'readable-stream': [ '3.6.1', '2.3.8' ],
61 silly audit   readline: [ '1.3.0' ],
61 silly audit   recast: [ '0.20.5' ],
61 silly audit   regenerate: [ '1.4.2' ],
61 silly audit   'regenerate-unicode-properties': [ '10.1.0' ],
61 silly audit   'regenerator-runtime': [ '0.13.11' ],
61 silly audit   'regenerator-transform': [ '0.15.1' ],
61 silly audit   'regex-not': [ '1.0.2' ],
61 silly audit   'regexp.prototype.flags': [ '1.4.3' ],
61 silly audit   regexpp: [ '3.2.0' ],
61 silly audit   'regexpu-core': [ '5.3.1' ],
61 silly audit   regjsparser: [ '0.9.1' ],
61 silly audit   'repeat-element': [ '1.1.4' ],
61 silly audit   'repeat-string': [ '1.6.1' ],
61 silly audit   'require-directory': [ '2.1.1' ],
61 silly audit   'require-main-filename': [ '2.0.0' ],
61 silly audit   'resolve-cwd': [ '3.0.0' ],
61 silly audit   'resolve-url': [ '0.2.1' ],
61 silly audit   'resolve.exports': [ '2.0.0' ],
61 silly audit   'restore-cursor': [ '3.1.0' ],
61 silly audit   ret: [ '0.1.15' ],
61 silly audit   reusify: [ '1.0.4' ],
61 silly audit   'run-parallel': [ '1.2.0' ],
61 silly audit   'safe-buffer': [ '5.1.2', '5.2.1' ],
61 silly audit   'safe-regex': [ '1.1.0' ],
61 silly audit   'safe-regex-test': [ '1.0.0' ],
61 silly audit   scheduler: [ '0.23.0' ],
61 silly audit   send: [ '0.18.0' ],
61 silly audit   'serialize-error': [ '2.1.0' ],
61 silly audit   'serve-static': [ '1.15.0' ],
61 silly audit   'set-blocking': [ '2.0.0' ],
61 silly audit   'set-value': [ '2.0.1' ],
61 silly audit   setprototypeof: [ '1.2.0' ],
61 silly audit   'shallow-clone': [ '3.0.1' ],
61 silly audit   'shell-quote': [ '1.8.0' ],
61 silly audit   'side-channel': [ '1.0.4' ],
61 silly audit   'signal-exit': [ '3.0.7' ],
61 silly audit   sisteransi: [ '1.0.5' ],
61 silly audit   slash: [ '3.0.0' ],
61 silly audit   'slice-ansi': [ '2.1.0' ],
61 silly audit   snapdragon: [ '0.8.2' ],
61 silly audit   'snapdragon-node': [ '2.1.1' ],
61 silly audit   'snapdragon-util': [ '3.0.1' ],
61 silly audit   'source-map-resolve': [ '0.5.3' ],
61 silly audit   'source-map-url': [ '0.4.1' ],
61 silly audit   'split-string': [ '3.1.0' ],
61 silly audit   'sprintf-js': [ '1.0.3' ],
61 silly audit   'stack-utils': [ '2.0.6' ],
61 silly audit   stackframe: [ '1.3.4' ],
61 silly audit   'stacktrace-parser': [ '0.1.10' ],
61 silly audit   'static-extend': [ '0.1.2' ],
61 silly audit   string_decoder: [ '1.3.0', '1.1.1' ],
61 silly audit   'string-length': [ '4.0.2' ],
61 silly audit   'string-natural-compare': [ '3.0.1' ],
61 silly audit   'string-width': [ '4.2.3' ],
61 silly audit   'string.prototype.matchall': [ '4.0.8' ],
61 silly audit   'string.prototype.trimend': [ '1.0.6' ],
61 silly audit   'string.prototype.trimstart': [ '1.0.6' ],
61 silly audit   'strip-bom': [ '4.0.0' ],
61 silly audit   'strip-eof': [ '1.0.0' ],
61 silly audit   'strip-final-newline': [ '2.0.0' ],
61 silly audit   'strip-json-comments': [ '3.1.1' ],
61 silly audit   strnum: [ '1.0.5' ],
61 silly audit   'sudo-prompt': [ '9.2.1' ],
61 silly audit   'supports-preserve-symlinks-flag': [ '1.0.0' ],
61 silly audit   terser: [ '5.16.5' ],
61 silly audit   'test-exclude': [ '6.0.0' ],
61 silly audit   'text-table': [ '0.2.0' ],
61 silly audit   throat: [ '5.0.0' ],
61 silly audit   through2: [ '2.0.5' ],
61 silly audit   tmpl: [ '1.0.5' ],
61 silly audit   'to-fast-properties': [ '2.0.0' ],
61 silly audit   'to-object-path': [ '0.3.0' ],
61 silly audit   'to-regex': [ '3.0.2' ],
61 silly audit   toidentifier: [ '1.0.1' ],
61 silly audit   tr46: [ '0.0.3' ],
61 silly audit   tslib: [ '2.5.0', '1.14.1' ],
61 silly audit   tsutils: [ '3.21.0' ],
61 silly audit   'type-check': [ '0.4.0' ],
61 silly audit   'type-detect': [ '4.0.8' ],
61 silly audit   'typed-array-length': [ '1.0.4' ],
61 silly audit   typescript: [ '4.8.4' ],
61 silly audit   'uglify-es': [ '3.3.9' ],
61 silly audit   'unbox-primitive': [ '1.0.2' ],
61 silly audit   'unicode-canonical-property-names-ecmascript': [ '2.0.0' ],
61 silly audit   'unicode-match-property-ecmascript': [ '2.0.0' ],
61 silly audit   'unicode-match-property-value-ecmascript': [ '2.1.0' ],
61 silly audit   'unicode-property-aliases-ecmascript': [ '2.1.0' ],
61 silly audit   'union-value': [ '1.0.1' ],
61 silly audit   universalify: [ '0.1.2' ],
61 silly audit   unpipe: [ '1.0.0' ],
61 silly audit   'unset-value': [ '1.0.0' ],
61 silly audit   'update-browserslist-db': [ '1.0.10' ],
61 silly audit   'uri-js': [ '4.4.1' ],
61 silly audit   urix: [ '0.1.0' ],
61 silly audit   use: [ '3.1.1' ],
61 silly audit   'use-sync-external-store': [ '1.2.0' ],
61 silly audit   'util-deprecate': [ '1.0.2' ],
61 silly audit   'utils-merge': [ '1.0.1' ],
61 silly audit   'v8-to-istanbul': [ '9.1.0' ],
61 silly audit   vary: [ '1.1.2' ],
61 silly audit   vlq: [ '1.0.1' ],
61 silly audit   walker: [ '1.0.8' ],
61 silly audit   wcwidth: [ '1.0.1' ],
61 silly audit   'webidl-conversions': [ '3.0.1' ],
61 silly audit   'whatwg-fetch': [ '3.6.2' ],
61 silly audit   'whatwg-url': [ '5.0.0' ],
61 silly audit   'which-boxed-primitive': [ '1.0.2' ],
61 silly audit   'which-module': [ '2.0.0' ],
61 silly audit   'which-typed-array': [ '1.1.9' ],
61 silly audit   'word-wrap': [ '1.2.3' ],
61 silly audit   wrappy: [ '1.0.2' ],
61 silly audit   xtend: [ '4.0.2' ],
61 silly audit   'yocto-queue': [ '0.1.0' ],
61 silly audit   'react-native-maps': [ '1.4.0' ]
61 silly audit }
62 silly tarball no local data for rimraf@https://registry.npmjs.org/rimraf/-/rimraf-3.0.2.tgz. Extracting by manifest.
63 silly tarball no local data for metro-symbolicate@https://registry.npmjs.org/metro-symbolicate/-/metro-symbolicate-0.73.8.tgz. Extracting by manifest.
64 http fetch GET 200 https://registry.npmjs.org/rimraf/-/rimraf-3.0.2.tgz 48ms (cache miss)
65 timing reifyNode:node_modules/rimraf Completed in 53ms
66 http fetch GET 200 https://registry.npmjs.org/metro-symbolicate/-/metro-symbolicate-0.73.8.tgz 91ms (cache miss)
67 timing reifyNode:node_modules/metro-symbolicate Completed in 94ms
68 timing reify:unpack Completed in 95ms
69 timing reify:unretire Completed in 2ms
70 timing build:queue Completed in 0ms
71 timing build:link:node_modules/metro-symbolicate Completed in 1ms
72 timing build:link:node_modules/rimraf Completed in 0ms
73 timing build:link Completed in 1ms
74 timing build:deps Completed in 1ms
75 timing build Completed in 1ms
76 timing reify:build Completed in 1ms
77 timing reify:trash Completed in 3ms
78 http fetch POST 200 https://registry.npmjs.org/-/npm/v1/security/advisories/bulk 216ms
79 timing auditReport:getReport Completed in 220ms
80 silly audit report {}
81 timing auditReport:init Completed in 0ms
82 timing reify:audit Completed in 220ms
83 timing reify:save Completed in 113ms
84 timing reify Completed in 2016ms
85 silly CHANGE node_modules/rimraf
86 silly CHANGE node_modules/metro-symbolicate
87 timing command:install Completed in 2022ms
88 verbose exit 0
89 timing npm Completed in 2039ms
90 info ok
