0 verbose cli /opt/homebrew/Cellar/node/19.7.0/bin/node /opt/homebrew/bin/npm
1 info using npm@9.5.0
2 info using node@v19.7.0
3 timing npm:load:whichnode Completed in 0ms
4 timing config:load:defaults Completed in 2ms
5 timing config:load:file:/opt/homebrew/lib/node_modules/npm/npmrc Completed in 1ms
6 timing config:load:builtin Completed in 2ms
7 timing config:load:cli Completed in 0ms
8 timing config:load:env Completed in 0ms
9 timing config:load:file:/Users/kushalchattopadhyay/Downloads/Allforth/.npmrc Completed in 0ms
10 timing config:load:project Completed in 1ms
11 timing config:load:file:/Users/kushalchattopadhyay/.npmrc Completed in 0ms
12 timing config:load:user Completed in 0ms
13 timing config:load:file:/Users/kushalchattopadhyay/.npm-global/etc/npmrc Completed in 0ms
14 timing config:load:global Completed in 0ms
15 timing config:load:setEnvs Completed in 0ms
16 timing config:load Completed in 6ms
17 timing npm:load:configload Completed in 6ms
18 timing npm:load:mkdirpcache Completed in 0ms
19 timing npm:load:mkdirplogs Completed in 1ms
20 verbose title npm install react-native-maps.
21 verbose argv "install" "--save" "react-native-maps."
22 timing npm:load:setTitle Completed in 2ms
23 timing config:load:flatten Completed in 1ms
24 timing npm:load:display Completed in 1ms
25 verbose logfile logs-max:10 dir:/Users/kushalchattopadhyay/Downloads/Allforth/.npm-cache/_logs/2023-03-03T23_16_08_244Z-
26 verbose logfile /Users/kushalchattopadhyay/Downloads/Allforth/.npm-cache/_logs/2023-03-03T23_16_08_244Z-debug-0.log
27 timing npm:load:logFile Completed in 2ms
28 timing npm:load:timers Completed in 0ms
29 timing npm:load:configScope Completed in 0ms
30 timing npm:load Completed in 14ms
31 timing arborist:ctor Completed in 1ms
32 silly logfile done cleaning log files
33 timing idealTree:init Completed in 271ms
34 timing idealTree:userRequests Completed in 1ms
35 silly idealTree buildDeps
36 silly fetch manifest react-native-maps.@*
37 timing arborist:ctor Completed in 0ms
38 http fetch GET 404 https://registry.npmjs.org/react-native-maps. 634ms (cache skip)
39 http fetch GET 404 https://registry.npmjs.org/react-native-maps. 374ms (cache skip)
40 silly placeDep ROOT react-native-maps.@ OK for: Allforth@0.0.1 want: *
41 timing idealTree:#root Completed in 1020ms
42 timing idealTree:node_modules/react-native-maps. Completed in 0ms
43 timing idealTree:buildDeps Completed in 1021ms
44 timing idealTree:fixDepFlags Completed in 12ms
45 timing idealTree Completed in 1305ms
46 timing command:install Completed in 1308ms
47 verbose stack HttpErrorGeneral: 404 Not Found - GET https://registry.npmjs.org/react-native-maps. - Not found
47 verbose stack     at /opt/homebrew/lib/node_modules/npm/node_modules/npm-registry-fetch/lib/check-response.js:95:15
47 verbose stack     at process.processTicksAndRejections (node:internal/process/task_queues:95:5)
47 verbose stack     at async RegistryFetcher.packument (/opt/homebrew/lib/node_modules/npm/node_modules/pacote/lib/registry.js:87:19)
47 verbose stack     at async RegistryFetcher.manifest (/opt/homebrew/lib/node_modules/npm/node_modules/pacote/lib/registry.js:118:23)
47 verbose stack     at async [nodeFromEdge] (/opt/homebrew/lib/node_modules/npm/node_modules/@npmcli/arborist/lib/arborist/build-ideal-tree.js:1059:19)
47 verbose stack     at async [buildDepStep] (/opt/homebrew/lib/node_modules/npm/node_modules/@npmcli/arborist/lib/arborist/build-ideal-tree.js:929:11)
47 verbose stack     at async Arborist.buildIdealTree (/opt/homebrew/lib/node_modules/npm/node_modules/@npmcli/arborist/lib/arborist/build-ideal-tree.js:207:7)
47 verbose stack     at async Promise.all (index 1)
47 verbose stack     at async Arborist.reify (/opt/homebrew/lib/node_modules/npm/node_modules/@npmcli/arborist/lib/arborist/reify.js:159:5)
47 verbose stack     at async Install.exec (/opt/homebrew/lib/node_modules/npm/lib/commands/install.js:146:5)
48 verbose statusCode 404
49 verbose pkgid react-native-maps.@*
50 verbose cwd /Users/kushalchattopadhyay/Downloads/Allforth
51 verbose Darwin 21.2.0
52 verbose node v19.7.0
53 verbose npm  v9.5.0
54 error code E404
55 error 404 Not Found - GET https://registry.npmjs.org/react-native-maps. - Not found
56 error 404
57 error 404  'react-native-maps.@*' is not in this registry.
58 error 404
58 error 404 Note that you can also install from a
59 error 404 tarball, folder, http url, or git url.
60 verbose exit 1
61 timing npm Completed in 1335ms
62 verbose unfinished npm timer reify 1677885368269
63 verbose unfinished npm timer reify:loadTrees 1677885368270
64 verbose code 1
65 error A complete log of this run can be found in:
65 error     /Users/kushalchattopadhyay/Downloads/Allforth/.npm-cache/_logs/2023-03-03T23_16_08_244Z-debug-0.log
